#
# A fatal error has been detected by the Java Runtime Environment:
#
#  SIGBUS (0xa) at pc=0x00000001300014f0, pid=10851, tid=36107
#
# JRE version: Java(TM) SE Runtime Environment (17.0.3.1+2) (build 17.0.3.1+2-LTS-6)
# Java VM: Java HotSpot(TM) 64-Bit Server VM (17.0.3.1+2-LTS-6, mixed mode, sharing, tiered, compressed oops, compressed class ptrs, g1 gc, bsd-aarch64)
# Problematic frame:
# v  ~StubRoutines::SafeFetchN
#
# No core dump will be written. Core dumps have been disabled. To enable core dumping, try "ulimit -c unlimited" before starting Java again
#
# If you would like to submit a bug report, please visit:
#   https://bugreport.java.com/bugreport/crash.jsp
# The crash happened outside the Java Virtual Machine in native code.
# See problematic frame for where to report the bug.
#

---------------  S U M M A R Y ------------

Command Line: -javaagent:/Applications/IntelliJ IDEA CE.app/Contents/lib/idea_rt.jar=63178:/Applications/IntelliJ IDEA CE.app/Contents/bin -Dfile.encoding=UTF-8 --module-path=/Users/tuanmai/.m2/repository/com/gluonhq/attach/storage/4.0.9/storage-4.0.9.jar:/Users/tuanmai/.m2/repository/com/gluonhq/attach/util/4.0.9/util-4.0.9.jar:/Users/tuanmai/.m2/repository/org/openjfx/javafx-graphics/17.0.1/javafx-graphics-17.0.1-mac-aarch64.jar:/Users/tuanmai/.m2/repository/com/github/almasb/fxgl-io/17/fxgl-io-17.jar:/Users/tuanmai/.m2/repository/com/dlsc/formsfx/formsfx-core/11.3.2/formsfx-core-11.3.2.jar:/Users/tuanmai/.m2/repository/com/gluonhq/attach/audio/4.0.9/audio-4.0.9.jar:/Users/tuanmai/.m2/repository/com/fasterxml/jackson/core/jackson-annotations/2.12.1/jackson-annotations-2.12.1.jar:/Users/tuanmai/.m2/repository/org/openjfx/javafx-base/17.0.1/javafx-base-17.0.1-mac-aarch64.jar:/Users/tuanmai/.m2/repository/com/fasterxml/jackson/core/jackson-databind/2.12.1/jackson-databind-2.12.1.jar:/Users/tuanmai/.m2/repository/org/openjfx/javafx-fxml/17.0.1/javafx-fxml-17.0.1-mac-aarch64.jar:/Users/tuanmai/IdeaProjects/JavaFX_2/target/classes:/Users/tuanmai/.m2/repository/org/jetbrains/kotlin/kotlin-stdlib/1.5.32/kotlin-stdlib-1.5.32-modular.jar:/Users/tuanmai/.m2/repository/com/github/almasb/fxgl-entity/17/fxgl-entity-17.jar:/Users/tuanmai/.m2/repository/org/kordamp/ikonli/ikonli-core/12.3.0/ikonli-core-12.3.0.jar:/Users/tuanmai/.m2/repository/eu/hansolo/tilesfx/11.48/tilesfx-11.48.jar:/Users/tuanmai/.m2/repository/org/controlsfx/controlsfx/11.1.1/controlsfx-11.1.1.jar:/Users/tuanmai/.m2/repository/org/openjfx/javafx-media/17.0.1/javafx-media-17.0.1-mac-aarch64.jar:/Users/tuanmai/.m2/repository/net/synedra/validatorfx/0.2.1/validatorfx-0.2.1.jar:/Users/tuanmai/.m2/repository/org/openjfx/javafx-web/17.0.1/javafx-web-17.0.1-mac-aarch64.jar:/Users/tuanmai/.m2/repository/com/github/almasb/fxgl-core/17/fxgl-core-17.jar:/Users/tuanmai/.m2/repository/com/github/almasb/fxgl-gameplay/17/fxgl-gameplay-17.jar:/Users/tuanmai/.m2/repository/com/github/almasb/fxgl-scene/17/fxgl-scene-17.jar:/Users/tuanmai/.m2/repository/com/fasterxml/jackson/core/jack-Djdk.module.main=com.example.javafx com.example.javafx/com.example.javafx.HelloApplication

Host: "MacBookPro18,3" arm64 1 MHz, 8 cores, 16G, Darwin 21.5.0, macOS 12.4 (21F79)
Time: Wed Jun 15 17:50:58 2022 PDT elapsed time: 2.043630 seconds (0d 0h 0m 2s)

---------------  T H R E A D  ---------------

Current thread (0x000000012296f000):  JavaThread "InvokeLaterDispatcher" daemon [_thread_in_native, id=36107, stack(0x0000000171c80000,0x0000000171e83000)]

Stack: [0x0000000171c80000,0x0000000171e83000],  sp=0x0000000171e827b0,  free space=2057k
Native frames: (J=compiled Java code, j=interpreted, Vv=VM code, C=native code)
v  ~StubRoutines::SafeFetchN
V  [libjvm.dylib+0x7a3f04]  _ZN10OopStorage7releaseEPKP7oopDesc+0x20
V  [libjvm.dylib+0x4b93a0]  jni_DeleteGlobalRef+0xc4
C  [libglass.dylib+0xab08]  -[GlassRunnable dealloc]+0x34
C  [Foundation+0x85318]  -[_NSThreadPerformInfo dealloc]+0x30
C  [Foundation+0x518ac]  -[NSObject(NSThreadPerformAdditions) performSelectorOnMainThread:withObject:waitUntilDone:]+0x88
C  0x0b1d0001300098ac
j  com.sun.glass.ui.mac.MacApplication.submitForLaterInvocation(Ljava/lang/Runnable;)V+2 javafx.graphics
j  com.sun.glass.ui.InvokeLaterDispatcher.run()V+82 javafx.graphics
v  ~StubRoutines::call_stub
V  [libjvm.dylib+0x4609f8]  _ZN9JavaCalls11call_helperEP9JavaValueRK12methodHandleP17JavaCallArgumentsP10JavaThread+0x38c
V  [libjvm.dylib+0x45fa14]  _ZN9JavaCalls12call_virtualEP9JavaValueP5KlassP6SymbolS5_P17JavaCallArgumentsP10JavaThread+0x11c
V  [libjvm.dylib+0x45fae0]  _ZN9JavaCalls12call_virtualEP9JavaValue6HandleP5KlassP6SymbolS6_P10JavaThread+0x64
V  [libjvm.dylib+0x513360]  _ZL12thread_entryP10JavaThreadS0_+0xc4
V  [libjvm.dylib+0x904598]  _ZN10JavaThread17thread_main_innerEv+0x134
V  [libjvm.dylib+0x902ec0]  _ZN6Thread8call_runEv+0x128
V  [libjvm.dylib+0x7aaac4]  _ZL19thread_native_entryP6Thread+0x158
C  [libsystem_pthread.dylib+0x726c]  _pthread_start+0x94

Java frames: (J=compiled Java code, j=interpreted, Vv=VM code)
j  com.sun.glass.ui.mac.MacApplication._submitForLaterInvocation(Ljava/lang/Runnable;)V+0 javafx.graphics
j  com.sun.glass.ui.mac.MacApplication.submitForLaterInvocation(Ljava/lang/Runnable;)V+2 javafx.graphics
j  com.sun.glass.ui.InvokeLaterDispatcher.run()V+82 javafx.graphics
v  ~StubRoutines::call_stub

siginfo: si_signo: 10 (SIGBUS), si_code: 1 (BUS_ADRALN), si_addr: 0x00000001300014f0

Register to memory mapping:

 x0=0x0000000123108708 is a global jni handle
 x1=0x0 is NULL
 x2=0x000000070ebe0bb8 is an oop: com.sun.glass.ui.InvokeLaterDispatcher$Future 
{0x000000070ebe0bb8} - klass: 'com/sun/glass/ui/InvokeLaterDispatcher$Future'
 - ---- fields (total size 3 words):
 - private 'done' 'Z' @12  true
 - private final 'runnable' 'Ljava/lang/Runnable;' @16  a 'com/sun/javafx/tk/quantum/QuantumToolkit$$Lambda$111+0x0000000800c3a418'{0x000000070e87d2a8} (e1d0fa55)
 - final synthetic 'this$0' 'Lcom/sun/glass/ui/InvokeLaterDispatcher;' @20  a 'com/sun/glass/ui/InvokeLaterDispatcher'{0x000000070e82aac8} (e1d05559)
 x3=0x0 is NULL
 x4=0x00000000000130a8 is an unknown value
 x5=0x0 is NULL
 x6=0x0 is NULL
 x7=0x0 is NULL
 x8=0x00000001300014ec is at begin+0 in a stub
StubRoutines::SafeFetchN [0x00000001300014ec, 0x00000001300014f8] (12 bytes)
 x9=0x0 is NULL
x10=0x2010000030300000 is an unknown value
x11=0x0000000000000007 is an unknown value
x12=0x0 is NULL
x13=0x00006000001c5bf0 points into unknown readable memory: 0x0000000100000000 | 00 00 00 00 01 00 00 00
x14=0x0000010000000000 is an unknown value
x15=0x00000001157a9f98: OBJC_CLASS_$_GlassRunnable+0 in /Users/tuanmai/.openjfx/cache/17.0.1/libglass.dylib at 0x0000000115764000
x16=0x0000000187aef0fc: pthread_getspecific+0 in /usr/lib/system/libsystem_pthread.dylib at 0x0000000187aed000
x17=0x00006000004c5960 points into unknown readable memory: 0xfffffffffffffffe | fe ff ff ff ff ff ff ff
x18=0x0 is NULL
x19=0x00006000004c41c0 points into unknown readable memory: 0x0000600002dc42b0 | b0 42 dc 02 00 60 00 00
x20=0x0000000123108500 points into unknown readable memory: 0x0000000000000000 | 00 00 00 00 00 00 00 00
x21=0x0000000123108708 is a global jni handle
x22=0x000000012296f000 is a thread
x23=0x0000000000000001 is an unknown value
x24=0x00000001231086c0 is a global jni handle
x25=0x00000001029b9628: _ZN12StubRoutines17_safefetchN_entryE+0 in /Library/Java/JavaVirtualMachines/jdk-17.0.3.1.jdk/Contents/Home/lib/server/libjvm.dylib at 0x0000000101e20000
x26=0x000000011651a288 is pointing into metadata
x27=0x0 is NULL
x28=0x000000012296f000 is a thread


Registers:
 x0=0x0000000123108708  x1=0x0000000000000000  x2=0x000000070ebe0bb8  x3=0x0000000000000000
 x4=0x00000000000130a8  x5=0x0000000000000000  x6=0x0000000000000000  x7=0x0000000000000000
 x8=0x00000001300014ec  x9=0x0000000000000000 x10=0x2010000030300000 x11=0x0000000000000007
x12=0x0000000000000000 x13=0x00006000001c5bf0 x14=0x0000010000000000 x15=0x00000001157a9f98
x16=0x0000000187aef0fc x17=0x00006000004c5960 x18=0x0000000000000000 x19=0x00006000004c41c0
x20=0x0000000123108500 x21=0x0000000123108708 x22=0x000000012296f000 x23=0x0000000000000001
x24=0x00000001231086c0 x25=0x00000001029b9628 x26=0x000000011651a288 x27=0x0000000000000000
x28=0x000000012296f000  fp=0x0000000171e827f0  lr=0x00000001025c2cd4  sp=0x0000000171e827b0
pc=0x00000001300014f0 cpsr=0x0000000060001000
Top of Stack: (sp=0x0000000171e827b0)
0x0000000171e827b0:   000000011651a288 0000000000000001
0x0000000171e827c0:   0000000171e829a8 0000600002de81f0
0x0000000171e827d0:   0000000000000000 00000001231086f0
0x0000000171e827e0:   00000001231086f0 00006000004c41c0
0x0000000171e827f0:   0000000171e82830 00000001025c3f04
0x0000000171e82800:   0000000000000001 00000001231086f0
0x0000000171e82810:   0000000000000000 00000001231086f0
0x0000000171e82820:   0000000000000001 000000012181a600
0x0000000171e82830:   0000000171e82860 00000001022d93a0
0x0000000171e82840:   0000600002de8270 00000001d1dad30c
0x0000000171e82850:   0000000000000000 0000600002de8270
0x0000000171e82860:   0000000171e82890 000000011576eb08
0x0000000171e82870:   b1330310e96c00dd 0000000000000000
0x0000000171e82880:   0000000000000000 0000600003ae16c0
0x0000000171e82890:   0000000171e828d0 0000000188ac4318
0x0000000171e828a0:   0000000171e829a8 0000600002de81f0
0x0000000171e828b0:   0000600002de8270 b1330310e96c00dd
0x0000000171e828c0:   0000000000000000 0000000000000000
0x0000000171e828d0:   0000000171e82910 1225000188a908ac
0x0000000171e828e0:   0000000171e829a8 00000001300087c0
0x0000000171e828f0:   0000000000000000 00000001029c0fe8
0x0000000171e82900:   0000000171e82920 0000000130007730
0x0000000171e82910:   0000000171e82980 0b1d0001300098ac
0x0000000171e82920:   0000000171e82920 000000080098d01d
0x0000000171e82930:   0000000171e82930 0000000000000000
0x0000000171e82940:   0000000171e829a8 000000011651a288
0x0000000171e82950:   000000070e817008 0000000000000000
0x0000000171e82960:   0000000000000000 00000001164f3770
0x0000000171e82970:   0000000000000000 0000000171e82980
0x0000000171e82980:   0000000171e82a00 0000000130005fc8
0x0000000171e82990:   0000000000000000 0000000000000000
0x0000000171e829a0:   000000070ebe0bb8 000000070e885978 

Instructions: (pc=0x00000001300014f0)
0x00000001300013f0:   f2a05309 f2c00029 6d425935 1e640886
0x0000000130001400:   0c402d31 1e6408c7 1f5654d0 1e6c1017
0x0000000130001410:   1f5050d0 1f504cd0 1f5048d0 1e650af6
0x0000000130001420:   1f50d8f6 1f5694d6 1f5158f6 1e762880
0x0000000130001430:   36000501 1e614000 14000026 2e251ca5
0x0000000130001440:   d28c3009 f2a05309 f2c00029 6d425d36
0x0000000130001450:   1e600806 0c402d32 1f5758c7 1e6c101a
0x0000000130001460:   1f4754c7 1e650805 1f4750c7 d2866668
0x0000000130001470:   f2a7fa68 1f474cc7 1e6608c0 1f4748c7
0x0000000130001480:   1e6e1019 eb08007f 540000ac 1f479400
0x0000000130001490:   1f460340 1e603b20 1400000e d2a7fd29
0x00000001300014a0:   eb09007f 540000ac 51480069 d3607d29
0x00000001300014b0:   9e670121 14000002 1e6a5001 1f679417
0x00000001300014c0:   1f668742 1e613b23 1e773857 1e773860
0x00000001300014d0:   a8c17ff3 910003bf a8c17bfd d65f03c0
0x00000001300014e0:   b9400001 aa0103e0 d65f03c0 f9400001
0x00000001300014f0:   aa0103e0 d65f03c0 00000000 00000000
0x0000000130001500:   00000000 00000000 00000000 00000000
0x0000000130001510:   00000000 00000000 00000000 00000000
0x0000000130001520:   00000000 00000000 00000000 00000000
0x0000000130001530:   00000000 00000000 00000000 00000000
0x0000000130001540:   00000000 00000000 00000000 00000000
0x0000000130001550:   00000000 00000000 00000000 00000000
0x0000000130001560:   00000000 00000000 00000000 00000000
0x0000000130001570:   00000000 00000000 00000000 00000000
0x0000000130001580:   00000000 00000000 00000000 00000000
0x0000000130001590:   00000000 00000000 00000000 00000000
0x00000001300015a0:   00000000 00000000 00000000 00000000
0x00000001300015b0:   00000000 00000000 00000000 00000000
0x00000001300015c0:   00000000 00000000 00000000 00000000
0x00000001300015d0:   00000000 00000000 00000000 00000000
0x00000001300015e0:   00000000 00000000 00000000 00000000 


Stack slot to memory mapping:
stack at sp + 0 slots: 0x000000011651a288 is pointing into metadata
stack at sp + 1 slots: 0x0000000000000001 is an unknown value
stack at sp + 2 slots: 0x0000000171e829a8 is pointing into the stack for thread: 0x000000012296f000
stack at sp + 3 slots: 0x0000600002de81f0 points into unknown readable memory: 0x01000001e04be031 | 31 e0 4b e0 01 00 00 01
stack at sp + 4 slots: 0x0 is NULL
stack at sp + 5 slots: 0x00000001231086f0 is a global jni handle
stack at sp + 6 slots: 0x00000001231086f0 is a global jni handle
stack at sp + 7 slots: 0x00006000004c41c0 points into unknown readable memory: 0x0000600002dc42b0 | b0 42 dc 02 00 60 00 00

StubRoutines::SafeFetchN [0x00000001300014ec, 0x00000001300014f8] (12 bytes)
[MachCode]
  0x00000001300014ec: 0100 40f9 | e003 01aa | c003 5fd6 
[/MachCode]

---------------  P R O C E S S  ---------------

Threads class SMR info:
_java_thread_list=0x0000600002f7f0e0, length=20, elements={
0x0000000123812000, 0x0000000122830200, 0x000000012280e400, 0x0000000123849c00,
0x000000012384b800, 0x000000012384be00, 0x0000000122830e00, 0x0000000122831400,
0x0000000122831a00, 0x000000012200ac00, 0x000000012201a600, 0x0000000122009a00,
0x000000011685b000, 0x000000012296f000, 0x000000012181a600, 0x0000000122078600,
0x00000001238af200, 0x0000000116b2b800, 0x00000001220fd600, 0x0000000116a13800
}

Java Threads: ( => current thread )
  0x0000000123812000 JavaThread "main" [_thread_blocked, id=6403, stack(0x000000016f278000,0x000000016f47b000)]
  0x0000000122830200 JavaThread "Reference Handler" daemon [_thread_blocked, id=17155, stack(0x00000001700cc000,0x00000001702cf000)]
  0x000000012280e400 JavaThread "Finalizer" daemon [_thread_blocked, id=16899, stack(0x00000001702d8000,0x00000001704db000)]
  0x0000000123849c00 JavaThread "Signal Dispatcher" daemon [_thread_blocked, id=42755, stack(0x00000001705fc000,0x00000001707ff000)]
  0x000000012384b800 JavaThread "Service Thread" daemon [_thread_blocked, id=23555, stack(0x0000000170808000,0x0000000170a0b000)]
  0x000000012384be00 JavaThread "Monitor Deflation Thread" daemon [_thread_blocked, id=42499, stack(0x0000000170a14000,0x0000000170c17000)]
  0x0000000122830e00 JavaThread "C2 CompilerThread0" daemon [_thread_blocked, id=24323, stack(0x0000000170c20000,0x0000000170e23000)]
  0x0000000122831400 JavaThread "C1 CompilerThread0" daemon [_thread_blocked, id=24835, stack(0x0000000170e2c000,0x000000017102f000)]
  0x0000000122831a00 JavaThread "Sweeper thread" daemon [_thread_blocked, id=25347, stack(0x0000000171038000,0x000000017123b000)]
  0x000000012200ac00 JavaThread "Common-Cleaner" daemon [_thread_blocked, id=41987, stack(0x0000000171244000,0x0000000171447000)]
  0x000000012201a600 JavaThread "Monitor Ctrl-Break" daemon [_thread_in_native, id=25603, stack(0x0000000171450000,0x0000000171653000)]
  0x0000000122009a00 JavaThread "Notification Thread" daemon [_thread_blocked, id=41219, stack(0x000000017165c000,0x000000017185f000)]
  0x000000011685b000 JavaThread "QuantumRenderer-0" daemon [_thread_blocked, id=40963, stack(0x0000000171a74000,0x0000000171c77000)]
=>0x000000012296f000 JavaThread "InvokeLaterDispatcher" daemon [_thread_in_native, id=36107, stack(0x0000000171c80000,0x0000000171e83000)]
  0x000000012181a600 JavaThread "JavaFX Application Thread" [_thread_in_vm, id=259, stack(0x000000016e9f0000,0x000000016f1ec000)]
  0x0000000122078600 JavaThread "JavaFX-Launcher" [_thread_blocked, id=55299, stack(0x0000000172124000,0x0000000172327000)]
  0x00000001238af200 JavaThread "Prism Font Disposer" daemon [_thread_blocked, id=72971, stack(0x0000000172d6c000,0x0000000172f6f000)]
  0x0000000116b2b800 JavaThread "Cleaner-0" daemon [_thread_blocked, id=56587, stack(0x0000000173090000,0x0000000173293000)]
  0x00000001220fd600 JavaThread "Attach Listener" daemon [_thread_blocked, id=51463, stack(0x000000017329c000,0x000000017349f000)]
  0x0000000116a13800 JavaThread "PulseTimer-CVDisplayLink thread" daemon [_thread_in_native, id=70407, stack(0x0000000171e8c000,0x0000000171f0f000)]

Other Threads:
  0x00000001230080e0 VMThread "VM Thread" [stack: 0x000000016fec0000,0x00000001700c3000] [id=15363]
  0x0000000121707020 WatcherThread [stack: 0x0000000171868000,0x0000000171a6b000] [id=26115]
  0x0000000123106d50 GCTaskThread "GC Thread#0" [stack: 0x000000016f484000,0x000000016f687000] [id=12291]
  0x000000012171a650 GCTaskThread "GC Thread#1" [stack: 0x0000000172330000,0x0000000172533000] [id=76035]
  0x000000012171aad0 GCTaskThread "GC Thread#2" [stack: 0x000000017253c000,0x000000017273f000] [id=55555]
  0x000000012171af50 GCTaskThread "GC Thread#3" [stack: 0x0000000172748000,0x000000017294b000] [id=55811]
  0x000000012171b3d0 GCTaskThread "GC Thread#4" [stack: 0x0000000172954000,0x0000000172b57000] [id=75011]
  0x000000012171b850 GCTaskThread "GC Thread#5" [stack: 0x0000000172b60000,0x0000000172d63000] [id=74755]
  0x0000000123107400 ConcurrentGCThread "G1 Main Marker" [stack: 0x000000016f690000,0x000000016f893000] [id=19459]
  0x0000000123107c80 ConcurrentGCThread "G1 Conc#0" [stack: 0x000000016f89c000,0x000000016fa9f000] [id=18947]
  0x0000000115605680 ConcurrentGCThread "G1 Refine#0" [stack: 0x000000016faa8000,0x000000016fcab000] [id=13571]
  0x0000000115605f20 ConcurrentGCThread "G1 Service" [stack: 0x000000016fcb4000,0x000000016feb7000] [id=13827]

Threads with active compile tasks:

VM state: not at safepoint (normal execution)

VM Mutex/Monitor currently owned by a thread: None

Heap address: 0x0000000700000000, size: 4096 MB, Compressed Oops mode: Zero based, Oop shift amount: 3

CDS archive(s) mapped at: [0x0000000800000000-0x0000000800bd8000-0x0000000800bd8000), size 12419072, SharedBaseAddress: 0x0000000800000000, ArchiveRelocationMode: 0.
Compressed class space mapped at: 0x0000000800c00000-0x0000000840c00000, reserved size: 1073741824
Narrow klass base: 0x0000000800000000, Narrow klass shift: 0, Narrow klass range: 0x100000000

GC Precious Log:
 CPUs: 8 total, 8 available
 Memory: 16384M
 Large Page Support: Disabled
 NUMA Support: Disabled
 Compressed Oops: Enabled (Zero based)
 Heap Region Size: 2M
 Heap Min Capacity: 8M
 Heap Initial Capacity: 256M
 Heap Max Capacity: 4G
 Pre-touch: Disabled
 Parallel Workers: 8
 Concurrent Workers: 2
 Concurrent Refinement Workers: 8
 Periodic GC: Disabled

Heap:
 garbage-first heap   total 266240K, used 35301K [0x0000000700000000, 0x0000000800000000)
  region size 2048K, 17 young (34816K), 2 survivors (4096K)
 Metaspace       used 12794K, committed 12992K, reserved 1064960K
  class space    used 1750K, committed 1856K, reserved 1048576K

Heap Regions: E=young(eden), S=young(survivor), O=old, HS=humongous(starts), HC=humongous(continues), CS=collection set, F=free, OA=open archive, CA=closed archive, TAMS=top-at-mark-start (previous, next)
|   0|0x0000000700000000, 0x0000000700200000, 0x0000000700200000|100%|HS|  |TAMS 0x0000000700000000, 0x0000000700000000| Complete 
|   1|0x0000000700200000, 0x0000000700200000, 0x0000000700400000|  0%| F|  |TAMS 0x0000000700200000, 0x0000000700200000| Untracked 
|   2|0x0000000700400000, 0x0000000700400000, 0x0000000700600000|  0%| F|  |TAMS 0x0000000700400000, 0x0000000700400000| Untracked 
|   3|0x0000000700600000, 0x0000000700600000, 0x0000000700800000|  0%| F|  |TAMS 0x0000000700600000, 0x0000000700600000| Untracked 
|   4|0x0000000700800000, 0x0000000700800000, 0x0000000700a00000|  0%| F|  |TAMS 0x0000000700800000, 0x0000000700800000| Untracked 
|   5|0x0000000700a00000, 0x0000000700a00000, 0x0000000700c00000|  0%| F|  |TAMS 0x0000000700a00000, 0x0000000700a00000| Untracked 
|   6|0x0000000700c00000, 0x0000000700c00000, 0x0000000700e00000|  0%| F|  |TAMS 0x0000000700c00000, 0x0000000700c00000| Untracked 
|   7|0x0000000700e00000, 0x0000000700e00000, 0x0000000701000000|  0%| F|  |TAMS 0x0000000700e00000, 0x0000000700e00000| Untracked 
|   8|0x0000000701000000, 0x0000000701000000, 0x0000000701200000|  0%| F|  |TAMS 0x0000000701000000, 0x0000000701000000| Untracked 
|   9|0x0000000701200000, 0x0000000701200000, 0x0000000701400000|  0%| F|  |TAMS 0x0000000701200000, 0x0000000701200000| Untracked 
|  10|0x0000000701400000, 0x0000000701400000, 0x0000000701600000|  0%| F|  |TAMS 0x0000000701400000, 0x0000000701400000| Untracked 
|  11|0x0000000701600000, 0x0000000701600000, 0x0000000701800000|  0%| F|  |TAMS 0x0000000701600000, 0x0000000701600000| Untracked 
|  12|0x0000000701800000, 0x0000000701800000, 0x0000000701a00000|  0%| F|  |TAMS 0x0000000701800000, 0x0000000701800000| Untracked 
|  13|0x0000000701a00000, 0x0000000701a00000, 0x0000000701c00000|  0%| F|  |TAMS 0x0000000701a00000, 0x0000000701a00000| Untracked 
|  14|0x0000000701c00000, 0x0000000701c00000, 0x0000000701e00000|  0%| F|  |TAMS 0x0000000701c00000, 0x0000000701c00000| Untracked 
|  15|0x0000000701e00000, 0x0000000701e00000, 0x0000000702000000|  0%| F|  |TAMS 0x0000000701e00000, 0x0000000701e00000| Untracked 
|  16|0x0000000702000000, 0x0000000702000000, 0x0000000702200000|  0%| F|  |TAMS 0x0000000702000000, 0x0000000702000000| Untracked 
|  17|0x0000000702200000, 0x0000000702200000, 0x0000000702400000|  0%| F|  |TAMS 0x0000000702200000, 0x0000000702200000| Untracked 
|  18|0x0000000702400000, 0x0000000702400000, 0x0000000702600000|  0%| F|  |TAMS 0x0000000702400000, 0x0000000702400000| Untracked 
|  19|0x0000000702600000, 0x0000000702600000, 0x0000000702800000|  0%| F|  |TAMS 0x0000000702600000, 0x0000000702600000| Untracked 
|  20|0x0000000702800000, 0x0000000702800000, 0x0000000702a00000|  0%| F|  |TAMS 0x0000000702800000, 0x0000000702800000| Untracked 
|  21|0x0000000702a00000, 0x0000000702a00000, 0x0000000702c00000|  0%| F|  |TAMS 0x0000000702a00000, 0x0000000702a00000| Untracked 
|  22|0x0000000702c00000, 0x0000000702c00000, 0x0000000702e00000|  0%| F|  |TAMS 0x0000000702c00000, 0x0000000702c00000| Untracked 
|  23|0x0000000702e00000, 0x0000000702e00000, 0x0000000703000000|  0%| F|  |TAMS 0x0000000702e00000, 0x0000000702e00000| Untracked 
|  24|0x0000000703000000, 0x0000000703000000, 0x0000000703200000|  0%| F|  |TAMS 0x0000000703000000, 0x0000000703000000| Untracked 
|  25|0x0000000703200000, 0x0000000703200000, 0x0000000703400000|  0%| F|  |TAMS 0x0000000703200000, 0x0000000703200000| Untracked 
|  26|0x0000000703400000, 0x0000000703400000, 0x0000000703600000|  0%| F|  |TAMS 0x0000000703400000, 0x0000000703400000| Untracked 
|  27|0x0000000703600000, 0x0000000703600000, 0x0000000703800000|  0%| F|  |TAMS 0x0000000703600000, 0x0000000703600000| Untracked 
|  28|0x0000000703800000, 0x0000000703800000, 0x0000000703a00000|  0%| F|  |TAMS 0x0000000703800000, 0x0000000703800000| Untracked 
|  29|0x0000000703a00000, 0x0000000703a00000, 0x0000000703c00000|  0%| F|  |TAMS 0x0000000703a00000, 0x0000000703a00000| Untracked 
|  30|0x0000000703c00000, 0x0000000703c00000, 0x0000000703e00000|  0%| F|  |TAMS 0x0000000703c00000, 0x0000000703c00000| Untracked 
|  31|0x0000000703e00000, 0x0000000703e00000, 0x0000000704000000|  0%| F|  |TAMS 0x0000000703e00000, 0x0000000703e00000| Untracked 
|  32|0x0000000704000000, 0x0000000704000000, 0x0000000704200000|  0%| F|  |TAMS 0x0000000704000000, 0x0000000704000000| Untracked 
|  33|0x0000000704200000, 0x0000000704200000, 0x0000000704400000|  0%| F|  |TAMS 0x0000000704200000, 0x0000000704200000| Untracked 
|  34|0x0000000704400000, 0x0000000704400000, 0x0000000704600000|  0%| F|  |TAMS 0x0000000704400000, 0x0000000704400000| Untracked 
|  35|0x0000000704600000, 0x0000000704600000, 0x0000000704800000|  0%| F|  |TAMS 0x0000000704600000, 0x0000000704600000| Untracked 
|  36|0x0000000704800000, 0x0000000704800000, 0x0000000704a00000|  0%| F|  |TAMS 0x0000000704800000, 0x0000000704800000| Untracked 
|  37|0x0000000704a00000, 0x0000000704a00000, 0x0000000704c00000|  0%| F|  |TAMS 0x0000000704a00000, 0x0000000704a00000| Untracked 
|  38|0x0000000704c00000, 0x0000000704c00000, 0x0000000704e00000|  0%| F|  |TAMS 0x0000000704c00000, 0x0000000704c00000| Untracked 
|  39|0x0000000704e00000, 0x0000000704e00000, 0x0000000705000000|  0%| F|  |TAMS 0x0000000704e00000, 0x0000000704e00000| Untracked 
|  40|0x0000000705000000, 0x0000000705000000, 0x0000000705200000|  0%| F|  |TAMS 0x0000000705000000, 0x0000000705000000| Untracked 
|  41|0x0000000705200000, 0x0000000705200000, 0x0000000705400000|  0%| F|  |TAMS 0x0000000705200000, 0x0000000705200000| Untracked 
|  42|0x0000000705400000, 0x0000000705400000, 0x0000000705600000|  0%| F|  |TAMS 0x0000000705400000, 0x0000000705400000| Untracked 
|  43|0x0000000705600000, 0x0000000705600000, 0x0000000705800000|  0%| F|  |TAMS 0x0000000705600000, 0x0000000705600000| Untracked 
|  44|0x0000000705800000, 0x0000000705800000, 0x0000000705a00000|  0%| F|  |TAMS 0x0000000705800000, 0x0000000705800000| Untracked 
|  45|0x0000000705a00000, 0x0000000705a00000, 0x0000000705c00000|  0%| F|  |TAMS 0x0000000705a00000, 0x0000000705a00000| Untracked 
|  46|0x0000000705c00000, 0x0000000705c00000, 0x0000000705e00000|  0%| F|  |TAMS 0x0000000705c00000, 0x0000000705c00000| Untracked 
|  47|0x0000000705e00000, 0x0000000705e00000, 0x0000000706000000|  0%| F|  |TAMS 0x0000000705e00000, 0x0000000705e00000| Untracked 
|  48|0x0000000706000000, 0x0000000706000000, 0x0000000706200000|  0%| F|  |TAMS 0x0000000706000000, 0x0000000706000000| Untracked 
|  49|0x0000000706200000, 0x0000000706200000, 0x0000000706400000|  0%| F|  |TAMS 0x0000000706200000, 0x0000000706200000| Untracked 
|  50|0x0000000706400000, 0x0000000706400000, 0x0000000706600000|  0%| F|  |TAMS 0x0000000706400000, 0x0000000706400000| Untracked 
|  51|0x0000000706600000, 0x0000000706600000, 0x0000000706800000|  0%| F|  |TAMS 0x0000000706600000, 0x0000000706600000| Untracked 
|  52|0x0000000706800000, 0x0000000706800000, 0x0000000706a00000|  0%| F|  |TAMS 0x0000000706800000, 0x0000000706800000| Untracked 
|  53|0x0000000706a00000, 0x0000000706a00000, 0x0000000706c00000|  0%| F|  |TAMS 0x0000000706a00000, 0x0000000706a00000| Untracked 
|  54|0x0000000706c00000, 0x0000000706c00000, 0x0000000706e00000|  0%| F|  |TAMS 0x0000000706c00000, 0x0000000706c00000| Untracked 
|  55|0x0000000706e00000, 0x0000000706e00000, 0x0000000707000000|  0%| F|  |TAMS 0x0000000706e00000, 0x0000000706e00000| Untracked 
|  56|0x0000000707000000, 0x0000000707000000, 0x0000000707200000|  0%| F|  |TAMS 0x0000000707000000, 0x0000000707000000| Untracked 
|  57|0x0000000707200000, 0x0000000707200000, 0x0000000707400000|  0%| F|  |TAMS 0x0000000707200000, 0x0000000707200000| Untracked 
|  58|0x0000000707400000, 0x0000000707400000, 0x0000000707600000|  0%| F|  |TAMS 0x0000000707400000, 0x0000000707400000| Untracked 
|  59|0x0000000707600000, 0x0000000707600000, 0x0000000707800000|  0%| F|  |TAMS 0x0000000707600000, 0x0000000707600000| Untracked 
|  60|0x0000000707800000, 0x0000000707800000, 0x0000000707a00000|  0%| F|  |TAMS 0x0000000707800000, 0x0000000707800000| Untracked 
|  61|0x0000000707a00000, 0x0000000707a00000, 0x0000000707c00000|  0%| F|  |TAMS 0x0000000707a00000, 0x0000000707a00000| Untracked 
|  62|0x0000000707c00000, 0x0000000707c00000, 0x0000000707e00000|  0%| F|  |TAMS 0x0000000707c00000, 0x0000000707c00000| Untracked 
|  63|0x0000000707e00000, 0x0000000707e00000, 0x0000000708000000|  0%| F|  |TAMS 0x0000000707e00000, 0x0000000707e00000| Untracked 
|  64|0x0000000708000000, 0x0000000708000000, 0x0000000708200000|  0%| F|  |TAMS 0x0000000708000000, 0x0000000708000000| Untracked 
|  65|0x0000000708200000, 0x0000000708200000, 0x0000000708400000|  0%| F|  |TAMS 0x0000000708200000, 0x0000000708200000| Untracked 
|  66|0x0000000708400000, 0x0000000708400000, 0x0000000708600000|  0%| F|  |TAMS 0x0000000708400000, 0x0000000708400000| Untracked 
|  67|0x0000000708600000, 0x0000000708600000, 0x0000000708800000|  0%| F|  |TAMS 0x0000000708600000, 0x0000000708600000| Untracked 
|  68|0x0000000708800000, 0x0000000708800000, 0x0000000708a00000|  0%| F|  |TAMS 0x0000000708800000, 0x0000000708800000| Untracked 
|  69|0x0000000708a00000, 0x0000000708a00000, 0x0000000708c00000|  0%| F|  |TAMS 0x0000000708a00000, 0x0000000708a00000| Untracked 
|  70|0x0000000708c00000, 0x0000000708c00000, 0x0000000708e00000|  0%| F|  |TAMS 0x0000000708c00000, 0x0000000708c00000| Untracked 
|  71|0x0000000708e00000, 0x0000000708e00000, 0x0000000709000000|  0%| F|  |TAMS 0x0000000708e00000, 0x0000000708e00000| Untracked 
|  72|0x0000000709000000, 0x0000000709000000, 0x0000000709200000|  0%| F|  |TAMS 0x0000000709000000, 0x0000000709000000| Untracked 
|  73|0x0000000709200000, 0x0000000709200000, 0x0000000709400000|  0%| F|  |TAMS 0x0000000709200000, 0x0000000709200000| Untracked 
|  74|0x0000000709400000, 0x0000000709400000, 0x0000000709600000|  0%| F|  |TAMS 0x0000000709400000, 0x0000000709400000| Untracked 
|  75|0x0000000709600000, 0x0000000709600000, 0x0000000709800000|  0%| F|  |TAMS 0x0000000709600000, 0x0000000709600000| Untracked 
|  76|0x0000000709800000, 0x0000000709800000, 0x0000000709a00000|  0%| F|  |TAMS 0x0000000709800000, 0x0000000709800000| Untracked 
|  77|0x0000000709a00000, 0x0000000709a00000, 0x0000000709c00000|  0%| F|  |TAMS 0x0000000709a00000, 0x0000000709a00000| Untracked 
|  78|0x0000000709c00000, 0x0000000709c00000, 0x0000000709e00000|  0%| F|  |TAMS 0x0000000709c00000, 0x0000000709c00000| Untracked 
|  79|0x0000000709e00000, 0x0000000709e00000, 0x000000070a000000|  0%| F|  |TAMS 0x0000000709e00000, 0x0000000709e00000| Untracked 
|  80|0x000000070a000000, 0x000000070a000000, 0x000000070a200000|  0%| F|  |TAMS 0x000000070a000000, 0x000000070a000000| Untracked 
|  81|0x000000070a200000, 0x000000070a200000, 0x000000070a400000|  0%| F|  |TAMS 0x000000070a200000, 0x000000070a200000| Untracked 
|  82|0x000000070a400000, 0x000000070a400000, 0x000000070a600000|  0%| F|  |TAMS 0x000000070a400000, 0x000000070a400000| Untracked 
|  83|0x000000070a600000, 0x000000070a600000, 0x000000070a800000|  0%| F|  |TAMS 0x000000070a600000, 0x000000070a600000| Untracked 
|  84|0x000000070a800000, 0x000000070a800000, 0x000000070aa00000|  0%| F|  |TAMS 0x000000070a800000, 0x000000070a800000| Untracked 
|  85|0x000000070aa00000, 0x000000070aa00000, 0x000000070ac00000|  0%| F|  |TAMS 0x000000070aa00000, 0x000000070aa00000| Untracked 
|  86|0x000000070ac00000, 0x000000070ac00000, 0x000000070ae00000|  0%| F|  |TAMS 0x000000070ac00000, 0x000000070ac00000| Untracked 
|  87|0x000000070ae00000, 0x000000070ae00000, 0x000000070b000000|  0%| F|  |TAMS 0x000000070ae00000, 0x000000070ae00000| Untracked 
|  88|0x000000070b000000, 0x000000070b000000, 0x000000070b200000|  0%| F|  |TAMS 0x000000070b000000, 0x000000070b000000| Untracked 
|  89|0x000000070b200000, 0x000000070b200000, 0x000000070b400000|  0%| F|  |TAMS 0x000000070b200000, 0x000000070b200000| Untracked 
|  90|0x000000070b400000, 0x000000070b400000, 0x000000070b600000|  0%| F|  |TAMS 0x000000070b400000, 0x000000070b400000| Untracked 
|  91|0x000000070b600000, 0x000000070b600000, 0x000000070b800000|  0%| F|  |TAMS 0x000000070b600000, 0x000000070b600000| Untracked 
|  92|0x000000070b800000, 0x000000070b800000, 0x000000070ba00000|  0%| F|  |TAMS 0x000000070b800000, 0x000000070b800000| Untracked 
|  93|0x000000070ba00000, 0x000000070ba00000, 0x000000070bc00000|  0%| F|  |TAMS 0x000000070ba00000, 0x000000070ba00000| Untracked 
|  94|0x000000070bc00000, 0x000000070bc00000, 0x000000070be00000|  0%| F|  |TAMS 0x000000070bc00000, 0x000000070bc00000| Untracked 
|  95|0x000000070be00000, 0x000000070be00000, 0x000000070c000000|  0%| F|  |TAMS 0x000000070be00000, 0x000000070be00000| Untracked 
|  96|0x000000070c000000, 0x000000070c000000, 0x000000070c200000|  0%| F|  |TAMS 0x000000070c000000, 0x000000070c000000| Untracked 
|  97|0x000000070c200000, 0x000000070c200000, 0x000000070c400000|  0%| F|  |TAMS 0x000000070c200000, 0x000000070c200000| Untracked 
|  98|0x000000070c400000, 0x000000070c400000, 0x000000070c600000|  0%| F|  |TAMS 0x000000070c400000, 0x000000070c400000| Untracked 
|  99|0x000000070c600000, 0x000000070c600000, 0x000000070c800000|  0%| F|  |TAMS 0x000000070c600000, 0x000000070c600000| Untracked 
| 100|0x000000070c800000, 0x000000070c800000, 0x000000070ca00000|  0%| F|  |TAMS 0x000000070c800000, 0x000000070c800000| Untracked 
| 101|0x000000070ca00000, 0x000000070ca00000, 0x000000070cc00000|  0%| F|  |TAMS 0x000000070ca00000, 0x000000070ca00000| Untracked 
| 102|0x000000070cc00000, 0x000000070cc00000, 0x000000070ce00000|  0%| F|  |TAMS 0x000000070cc00000, 0x000000070cc00000| Untracked 
| 103|0x000000070ce00000, 0x000000070ce00000, 0x000000070d000000|  0%| F|  |TAMS 0x000000070ce00000, 0x000000070ce00000| Untracked 
| 104|0x000000070d000000, 0x000000070d000000, 0x000000070d200000|  0%| F|  |TAMS 0x000000070d000000, 0x000000070d000000| Untracked 
| 105|0x000000070d200000, 0x000000070d200000, 0x000000070d400000|  0%| F|  |TAMS 0x000000070d200000, 0x000000070d200000| Untracked 
| 106|0x000000070d400000, 0x000000070d400000, 0x000000070d600000|  0%| F|  |TAMS 0x000000070d400000, 0x000000070d400000| Untracked 
| 107|0x000000070d600000, 0x000000070d600000, 0x000000070d800000|  0%| F|  |TAMS 0x000000070d600000, 0x000000070d600000| Untracked 
| 108|0x000000070d800000, 0x000000070d800000, 0x000000070da00000|  0%| F|  |TAMS 0x000000070d800000, 0x000000070d800000| Untracked 
| 109|0x000000070da00000, 0x000000070da00000, 0x000000070dc00000|  0%| F|  |TAMS 0x000000070da00000, 0x000000070da00000| Untracked 
| 110|0x000000070dc00000, 0x000000070dc00000, 0x000000070de00000|  0%| F|  |TAMS 0x000000070dc00000, 0x000000070dc00000| Untracked 
| 111|0x000000070de00000, 0x000000070e000000, 0x000000070e000000|100%| E|  |TAMS 0x000000070de00000, 0x000000070de00000| Complete 
| 112|0x000000070e000000, 0x000000070e200000, 0x000000070e200000|100%| E|CS|TAMS 0x000000070e000000, 0x000000070e000000| Complete 
| 113|0x000000070e200000, 0x000000070e400000, 0x000000070e400000|100%| E|CS|TAMS 0x000000070e200000, 0x000000070e200000| Complete 
| 114|0x000000070e400000, 0x000000070e600000, 0x000000070e600000|100%| E|CS|TAMS 0x000000070e400000, 0x000000070e400000| Complete 
| 115|0x000000070e600000, 0x000000070e681598, 0x000000070e800000| 25%| S|CS|TAMS 0x000000070e600000, 0x000000070e600000| Complete 
| 116|0x000000070e800000, 0x000000070ea00000, 0x000000070ea00000|100%| S|CS|TAMS 0x000000070e800000, 0x000000070e800000| Complete 
| 117|0x000000070ea00000, 0x000000070ec00000, 0x000000070ec00000|100%| E|CS|TAMS 0x000000070ea00000, 0x000000070ea00000| Complete 
| 118|0x000000070ec00000, 0x000000070ee00000, 0x000000070ee00000|100%| E|CS|TAMS 0x000000070ec00000, 0x000000070ec00000| Complete 
| 119|0x000000070ee00000, 0x000000070f000000, 0x000000070f000000|100%| E|CS|TAMS 0x000000070ee00000, 0x000000070ee00000| Complete 
| 120|0x000000070f000000, 0x000000070f200000, 0x000000070f200000|100%| E|CS|TAMS 0x000000070f000000, 0x000000070f000000| Complete 
| 121|0x000000070f200000, 0x000000070f400000, 0x000000070f400000|100%| E|CS|TAMS 0x000000070f200000, 0x000000070f200000| Complete 
| 122|0x000000070f400000, 0x000000070f600000, 0x000000070f600000|100%| E|CS|TAMS 0x000000070f400000, 0x000000070f400000| Complete 
| 123|0x000000070f600000, 0x000000070f800000, 0x000000070f800000|100%| E|CS|TAMS 0x000000070f600000, 0x000000070f600000| Complete 
| 124|0x000000070f800000, 0x000000070fa00000, 0x000000070fa00000|100%| E|CS|TAMS 0x000000070f800000, 0x000000070f800000| Complete 
| 125|0x000000070fa00000, 0x000000070fc00000, 0x000000070fc00000|100%| E|CS|TAMS 0x000000070fa00000, 0x000000070fa00000| Complete 
| 126|0x000000070fc00000, 0x000000070fe00000, 0x000000070fe00000|100%| E|CS|TAMS 0x000000070fc00000, 0x000000070fc00000| Complete 
| 127|0x000000070fe00000, 0x0000000710000000, 0x0000000710000000|100%| E|CS|TAMS 0x000000070fe00000, 0x000000070fe00000| Complete 
|2046|0x00000007ffc00000, 0x00000007ffd78000, 0x00000007ffe00000| 73%|OA|  |TAMS 0x00000007ffc00000, 0x00000007ffc00000| Untracked 
|2047|0x00000007ffe00000, 0x00000007ffe80000, 0x0000000800000000| 25%|CA|  |TAMS 0x00000007ffe00000, 0x00000007ffe00000| Untracked 

Card table byte_map: [0x000000010a504000,0x000000010ad04000] _byte_map_base: 0x0000000106d04000

Marking Bits (Prev, Next): (CMBitMap*) 0x0000000123839610, (CMBitMap*) 0x0000000123839650
 Prev Bits: [0x000000010b504000, 0x000000010f504000)
 Next Bits: [0x000000010f504000, 0x0000000113504000)

Polling page: 0x0000000100d98000

Metaspace:

Usage:
  Non-class:     10.79 MB used.
      Class:      1.71 MB used.
       Both:     12.49 MB used.

Virtual space:
  Non-class space:       16.00 MB reserved,      10.88 MB ( 68%) committed,  2 nodes.
      Class space:        1.00 GB reserved,       1.81 MB ( <1%) committed,  1 nodes.
             Both:        1.02 GB reserved,      12.69 MB (  1%) committed. 

Chunk freelists:
   Non-Class:  1.03 MB
       Class:  2.15 MB
        Both:  3.18 MB

MaxMetaspaceSize: unlimited
CompressedClassSpaceSize: 1.00 GB
Initial GC threshold: 21.00 MB
Current GC threshold: 21.00 MB
CDS: on
MetaspaceReclaimPolicy: balanced
 - commit_granule_bytes: 65536.
 - commit_granule_words: 8192.
 - virtual_space_node_default_size: 1048576.
 - enlarge_chunks_in_place: 1.
 - new_chunks_are_fully_committed: 0.
 - uncommit_free_chunks: 1.
 - use_allocation_guard: 0.
 - handle_deallocations: 1.


Internal statistics:

num_allocs_failed_limit: 0.
num_arena_births: 188.
num_arena_deaths: 0.
num_vsnodes_births: 3.
num_vsnodes_deaths: 0.
num_space_committed: 203.
num_space_uncommitted: 0.
num_chunks_returned_to_freelist: 0.
num_chunks_taken_from_freelist: 561.
num_chunk_merges: 0.
num_chunk_splits: 394.
num_chunks_enlarged: 302.
num_purges: 0.
num_inconsistent_stats: 0.

CodeHeap 'non-profiled nmethods': size=120032Kb used=582Kb max_used=582Kb free=119450Kb
 bounds [0x0000000137ac8000, 0x0000000137d38000, 0x000000013f000000]
CodeHeap 'profiled nmethods': size=120016Kb used=3148Kb max_used=3148Kb free=116867Kb
 bounds [0x0000000130594000, 0x00000001308b4000, 0x0000000137ac8000]
CodeHeap 'non-nmethods': size=5712Kb used=1359Kb max_used=1390Kb free=4352Kb
 bounds [0x0000000130000000, 0x0000000130270000, 0x0000000130594000]
 total_blobs=2399 nmethods=1656 adapters=660
 compilation: enabled
              stopped_count=0, restarted_count=0
 full_count=0

Compilation events (20 events):
Event: 1.951 Thread 0x0000000122831400 1755       1       com.sun.prism.impl.BaseTexture::getPhysicalHeight (5 bytes)
Event: 1.952 Thread 0x0000000122831400 nmethod 1755 0x0000000137b58c10 code [0x0000000137b58d80, 0x0000000137b58e68]
Event: 1.952 Thread 0x0000000122831400 1754       1       com.sun.prism.impl.BaseTexture::getContentWidth (5 bytes)
Event: 1.952 Thread 0x0000000122831400 nmethod 1754 0x0000000137b58f10 code [0x0000000137b59080, 0x0000000137b59168]
Event: 1.952 Thread 0x0000000122831400 1756       3       java.lang.Float::floatToIntBits (15 bytes)
Event: 1.952 Thread 0x0000000122831400 nmethod 1756 0x00000001308a5590 code [0x00000001308a5740, 0x00000001308a5968]
Event: 1.952 Thread 0x0000000122831400 1757       3       java.lang.Math::max (45 bytes)
Event: 1.952 Thread 0x0000000122831400 nmethod 1757 0x00000001308a5a10 code [0x00000001308a5bc0, 0x00000001308a5ea8]
Event: 1.952 Thread 0x0000000122831400 1758       3       com.sun.marlin.Helpers::outcode (70 bytes)
Event: 1.952 Thread 0x0000000122831400 nmethod 1758 0x00000001308a5f90 code [0x00000001308a6140, 0x00000001308a6468]
Event: 1.952 Thread 0x0000000122831400 1759       3       com.sun.marlin.Renderer::tosubpixx (6 bytes)
Event: 1.952 Thread 0x0000000122831400 nmethod 1759 0x00000001308a6590 code [0x00000001308a6780, 0x00000001308a68a8]
Event: 1.956 Thread 0x0000000122831400 1760       1       com.sun.prism.impl.BaseTexture::getContentHeight (5 bytes)
Event: 1.956 Thread 0x0000000122831400 nmethod 1760 0x0000000137b59210 code [0x0000000137b59380, 0x0000000137b59468]
Event: 1.956 Thread 0x0000000122831400 1761       1       javafx.scene.layout.CornerRadii::getTopLeftHorizontalRadius (5 bytes)
Event: 1.956 Thread 0x0000000122831400 nmethod 1761 0x0000000137b59510 code [0x0000000137b59680, 0x0000000137b59768]
Event: 1.957 Thread 0x0000000122831400 1762       3       com.sun.prism.PixelFormat::getBytesPerPixelUnit (13 bytes)
Event: 1.957 Thread 0x0000000122831400 nmethod 1762 0x00000001308a6990 code [0x00000001308a6b40, 0x00000001308a6ca8]
Event: 1.967 Thread 0x0000000122831400 1763       3       java.util.concurrent.atomic.AtomicBoolean::get (13 bytes)
Event: 1.967 Thread 0x0000000122831400 nmethod 1763 0x00000001308a6d90 code [0x00000001308a6f40, 0x00000001308a70e8]

GC Heap History (2 events):
Event: 0.338 GC heap before
{Heap before GC invocations=0 (full 0):
 garbage-first heap   total 266240K, used 24544K [0x0000000700000000, 0x0000000800000000)
  region size 2048K, 11 young (22528K), 0 survivors (0K)
 Metaspace       used 5225K, committed 5440K, reserved 1056768K
  class space    used 626K, committed 704K, reserved 1048576K
}
Event: 0.339 GC heap after
{Heap after GC invocations=1 (full 0):
 garbage-first heap   total 266240K, used 4581K [0x0000000700000000, 0x0000000800000000)
  region size 2048K, 2 young (4096K), 2 survivors (4096K)
 Metaspace       used 5225K, committed 5440K, reserved 1056768K
  class space    used 626K, committed 704K, reserved 1048576K
}

Deoptimization events (20 events):
Event: 0.665 Thread 0x000000011685b000 Uncommon trap: trap_request=0xffffffc6 fr.pc=0x0000000137b1b128 relative=0x00000000000005a8
Event: 0.665 Thread 0x000000011685b000 Uncommon trap: reason=bimorphic_or_optimized_type_check action=maybe_recompile pc=0x0000000137b1b128 method=java.util.concurrent.ConcurrentHashMap.get(Ljava/lang/Object;)Ljava/lang/Object; @ 149 c2
Event: 0.665 Thread 0x000000011685b000 DEOPT PACKING pc=0x0000000137b1b128 sp=0x0000000171c75350
Event: 0.665 Thread 0x000000011685b000 DEOPT UNPACKING pc=0x000000013003ed1c sp=0x0000000171c752e0 mode 2
Event: 1.135 Thread 0x00000001220fd600 Uncommon trap: trap_request=0xffffff45 fr.pc=0x0000000137b31564 relative=0x0000000000000ee4
Event: 1.135 Thread 0x00000001220fd600 Uncommon trap: reason=unstable_if action=reinterpret pc=0x0000000137b31564 method=java.util.concurrent.ConcurrentHashMap.putVal(Ljava/lang/Object;Ljava/lang/Object;Z)Ljava/lang/Object; @ 148 c2
Event: 1.135 Thread 0x00000001220fd600 DEOPT PACKING pc=0x0000000137b31564 sp=0x000000017349d8d0
Event: 1.135 Thread 0x00000001220fd600 DEOPT UNPACKING pc=0x000000013003ed1c sp=0x000000017349d7f0 mode 2
Event: 1.137 Thread 0x00000001220fd600 Uncommon trap: trap_request=0xffffff45 fr.pc=0x0000000137ad6f44 relative=0x0000000000000104
Event: 1.137 Thread 0x00000001220fd600 Uncommon trap: reason=unstable_if action=reinterpret pc=0x0000000137ad6f44 method=java.lang.StringLatin1.lastIndexOf([BI[BII)I @ 86 c2
Event: 1.137 Thread 0x00000001220fd600 DEOPT PACKING pc=0x0000000137ad6f44 sp=0x000000017349d8d0
Event: 1.137 Thread 0x00000001220fd600 DEOPT UNPACKING pc=0x000000013003ed1c sp=0x000000017349d830 mode 2
Event: 1.851 Thread 0x000000011685b000 DEOPT PACKING pc=0x000000013084ff74 sp=0x0000000171c754d0
Event: 1.851 Thread 0x000000011685b000 DEOPT UNPACKING pc=0x000000013003eb7c sp=0x0000000171c75130 mode 0
Event: 1.855 Thread 0x000000011685b000 DEOPT PACKING pc=0x000000013084ff74 sp=0x0000000171c754d0
Event: 1.855 Thread 0x000000011685b000 DEOPT UNPACKING pc=0x000000013003eb7c sp=0x0000000171c75130 mode 0
Event: 1.856 Thread 0x000000011685b000 DEOPT PACKING pc=0x000000013084ff74 sp=0x0000000171c754d0
Event: 1.856 Thread 0x000000011685b000 DEOPT UNPACKING pc=0x000000013003eb7c sp=0x0000000171c75130 mode 0
Event: 1.857 Thread 0x000000011685b000 DEOPT PACKING pc=0x000000013084ff74 sp=0x0000000171c754d0
Event: 1.857 Thread 0x000000011685b000 DEOPT UNPACKING pc=0x000000013003eb7c sp=0x0000000171c75130 mode 0

Classes unloaded (0 events):
No events

Classes redefined (0 events):
No events

Internal exceptions (20 events):
Event: 0.150 Thread 0x0000000123812000 Exception <a 'java/lang/NoSuchMethodError'{0x000000070f23a288}: 'void java.lang.invoke.DirectMethodHandle$Holder.invokeStatic(java.lang.Object, java.lang.Object, java.lang.Object)'> (0x000000070f23a288) 
thrown [open/src/hotspot/share/interpreter/linkResolver.cpp, line 766]
Event: 0.208 Thread 0x0000000123812000 Exception <a 'java/lang/NoSuchMethodError'{0x000000070f256da0}: 'int java.lang.invoke.DirectMethodHandle$Holder.invokeStaticInit(java.lang.Object, java.lang.Object, java.lang.Object)'> (0x000000070f256da0) 
thrown [open/src/hotspot/share/interpreter/linkResolver.cpp, line 766]
Event: 0.309 Thread 0x000000012181a600 Exception <a 'java/lang/NoSuchMethodError'{0x000000070ec1b190}: 'void java.lang.invoke.DirectMethodHandle$Holder.invokeStaticInit(java.lang.Object)'> (0x000000070ec1b190) 
thrown [open/src/hotspot/share/interpreter/linkResolver.cpp, line 766]
Event: 0.310 Thread 0x0000000123812000 Exception <a 'java/lang/NoSuchMethodError'{0x000000070f0a39c8}: 'java.lang.Object java.lang.invoke.DirectMethodHandle$Holder.newInvokeSpecial(java.lang.Object, java.lang.Object, java.lang.Object, java.lang.Object, java.lang.Object, java.lang.Object)'> (0x000000070f0a39c8) 
thrown [open/src/hotspot/share/interpreter/linkResolver.cpp, line 766]
Event: 0.319 Thread 0x0000000123812000 Exception <a 'java/lang/NoSuchMethodError'{0x000000070f0d4528}: 'java.lang.Object java.lang.invoke.DirectMethodHandle$Holder.newInvokeSpecial(java.lang.Object, java.lang.Object, java.lang.Object, java.lang.Object, java.lang.Object)'> (0x000000070f0d4528) 
thrown [open/src/hotspot/share/interpreter/linkResolver.cpp, line 766]
Event: 0.350 Thread 0x000000012181a600 Exception <a 'sun/nio/fs/UnixException'{0x000000070ff540c0}> (0x000000070ff540c0) 
thrown [open/src/hotspot/share/prims/jni.cpp, line 516]
Event: 0.376 Thread 0x000000012181a600 Exception <a 'java/lang/NoSuchMethodError'{0x000000070fa1d750}: 'java.lang.Object java.lang.invoke.DirectMethodHandle$Holder.invokeStaticInit(java.lang.Object, java.lang.Object, java.lang.Object, java.lang.Object)'> (0x000000070fa1d750) 
thrown [open/src/hotspot/share/interpreter/linkResolver.cpp, line 766]
Event: 0.376 Thread 0x000000012181a600 Exception <a 'java/lang/NullPointerException'{0x000000070fa29438}> (0x000000070fa29438) 
thrown [open/src/hotspot/share/interpreter/linkResolver.cpp, line 1357]
Event: 0.389 Thread 0x000000012181a600 Exception <a 'java/lang/NoSuchMethodError'{0x000000070fbb2dc8}: 'java.lang.Object java.lang.invoke.DirectMethodHandle$Holder.invokeSpecial(java.lang.Object, java.lang.Object, java.lang.Object, int, java.lang.Object)'> (0x000000070fbb2dc8) 
thrown [open/src/hotspot/share/interpreter/linkResolver.cpp, line 766]
Event: 0.431 Thread 0x000000012181a600 Exception <a 'java/lang/NoSuchMethodError'{0x000000070f248490}: 'void java.lang.invoke.DirectMethodHandle$Holder.invokeStaticInit(java.lang.Object, java.lang.Object)'> (0x000000070f248490) 
thrown [open/src/hotspot/share/interpreter/linkResolver.cpp, line 766]
Event: 0.443 Thread 0x000000012181a600 Exception <a 'sun/nio/fs/UnixException'{0x000000070f387768}> (0x000000070f387768) 
thrown [open/src/hotspot/share/prims/jni.cpp, line 516]
Event: 0.448 Thread 0x000000012181a600 Implicit null exception at 0x0000000137ae7c78 to 0x0000000137ae7d08
Event: 0.552 Thread 0x000000012181a600 Exception <a 'java/lang/NoSuchMethodError'{0x000000070ed559a8}: 'java.lang.Object java.lang.invoke.DirectMethodHandle$Holder.invokeInterface(java.lang.Object, java.lang.Object, java.lang.Object)'> (0x000000070ed559a8) 
thrown [open/src/hotspot/share/interpreter/linkResolver.cpp, line 766]
Event: 0.552 Thread 0x000000012181a600 Exception <a 'java/lang/IncompatibleClassChangeError'{0x000000070ed59070}: Found class java.lang.Object, but interface was expected> (0x000000070ed59070) 
thrown [open/src/hotspot/share/interpreter/linkResolver.cpp, line 833]
Event: 0.577 Thread 0x000000012181a600 Exception <a 'java/lang/NoSuchMethodError'{0x000000070eb3f550}: 'java.lang.Object java.lang.invoke.DirectMethodHandle$Holder.newInvokeSpecial(java.lang.Object, java.lang.Object, int)'> (0x000000070eb3f550) 
thrown [open/src/hotspot/share/interpreter/linkResolver.cpp, line 766]
Event: 0.611 Thread 0x000000011685b000 Exception <a 'java/lang/NoSuchMethodError'{0x000000070e50e908}: 'int java.lang.invoke.DirectMethodHandle$Holder.invokeStaticInit(java.lang.Object, java.lang.Object)'> (0x000000070e50e908) 
thrown [open/src/hotspot/share/interpreter/linkResolver.cpp, line 766]
Event: 1.845 Thread 0x000000012181a600 Exception <a 'java/lang/NoSuchMethodError'{0x000000070df2e1d0}: 'long java.lang.invoke.DirectMethodHandle$Holder.invokeStatic(java.lang.Object, java.lang.Object, java.lang.Object)'> (0x000000070df2e1d0) 
thrown [open/src/hotspot/share/interpreter/linkResolver.cpp, line 766]
Event: 1.845 Thread 0x000000012181a600 Exception <a 'java/lang/NoSuchMethodError'{0x000000070df31978}: 'long java.lang.invoke.DirectMethodHandle$Holder.invokeStaticInit(java.lang.Object, java.lang.Object, java.lang.Object)'> (0x000000070df31978) 
thrown [open/src/hotspot/share/interpreter/linkResolver.cpp, line 766]
Event: 1.847 Thread 0x000000012181a600 Exception <a 'java/lang/NoSuchMethodError'{0x000000070df49580}: 'java.lang.Object java.lang.invoke.DirectMethodHandle$Holder.newInvokeSpecial(java.lang.Object, java.lang.Object, long)'> (0x000000070df49580) 
thrown [open/src/hotspot/share/interpreter/linkResolver.cpp, line 766]
Event: 1.847 Thread 0x000000012181a600 Exception <a 'java/lang/NoSuchMethodError'{0x000000070df4ce48}: 'java.lang.Object java.lang.invoke.Invokers$Holder.linkToTargetMethod(java.lang.Object, long, java.lang.Object)'> (0x000000070df4ce48) 
thrown [open/src/hotspot/share/interpreter/linkResolver.cpp, line 766]

VM Operations (20 events):
Event: 0.094 Executing VM operation: HandshakeAllThreads
Event: 0.094 Executing VM operation: HandshakeAllThreads done
Event: 0.107 Executing VM operation: HandshakeAllThreads
Event: 0.107 Executing VM operation: HandshakeAllThreads done
Event: 0.118 Executing VM operation: HandshakeAllThreads
Event: 0.118 Executing VM operation: HandshakeAllThreads done
Event: 0.314 Executing VM operation: ICBufferFull
Event: 0.315 Executing VM operation: ICBufferFull done
Event: 0.338 Executing VM operation: G1CollectForAllocation
Event: 0.339 Executing VM operation: G1CollectForAllocation done
Event: 0.392 Executing VM operation: HandshakeAllThreads
Event: 0.392 Executing VM operation: HandshakeAllThreads done
Event: 0.412 Executing VM operation: HandshakeAllThreads
Event: 0.412 Executing VM operation: HandshakeAllThreads done
Event: 0.448 Executing VM operation: ICBufferFull
Event: 0.448 Executing VM operation: ICBufferFull done
Event: 0.545 Executing VM operation: HandshakeAllThreads
Event: 0.545 Executing VM operation: HandshakeAllThreads done
Event: 1.520 Executing VM operation: ICBufferFull
Event: 1.520 Executing VM operation: ICBufferFull done

Events (20 events):
Event: 1.136 loading class sun/util/resources/OpenListResourceBundle
Event: 1.136 loading class sun/util/resources/OpenListResourceBundle done
Event: 1.136 loading class sun/util/resources/TimeZoneNamesBundle done
Event: 1.136 loading class sun/util/resources/cldr/TimeZoneNames done
Event: 1.137 loading class sun/util/resources/cldr/TimeZoneNames_en
Event: 1.137 loading class sun/util/resources/cldr/TimeZoneNames_en done
Event: 1.137 loading class sun/util/resources/cldr/TimeZoneNames_en_US
Event: 1.137 loading class sun/util/resources/cldr/TimeZoneNames_en_US done
Event: 1.229 loading class java/util/EnumMap$Values
Event: 1.229 loading class java/util/EnumMap$Values done
Event: 1.229 loading class java/util/EnumMap$ValueIterator
Event: 1.229 loading class java/util/EnumMap$EnumMapIterator
Event: 1.229 loading class java/util/EnumMap$EnumMapIterator done
Event: 1.229 loading class java/util/EnumMap$ValueIterator done
Event: 1.519 Protecting memory [0x0000000171e8c000,0x0000000171e98000] with protection modes 0
Event: 1.519 Thread 0x0000000122289a00 Thread added: 0x0000000122289a00
Event: 1.785 Protecting memory [0x0000000171e8c000,0x0000000171e98000] with protection modes 3
Event: 1.785 Thread 0x0000000122289a00 Thread exited: 0x0000000122289a00
Event: 1.844 Protecting memory [0x0000000171e8c000,0x0000000171e98000] with protection modes 0
Event: 1.844 Thread 0x0000000116a13800 Thread added: 0x0000000116a13800


Dynamic libraries:
0x0000000100d48000 	/Library/Java/JavaVirtualMachines/jdk-17.0.3.1.jdk/Contents/Home/lib/libjli.dylib
0x000000019259a000 	/usr/lib/libz.1.dylib
0x0000000192651000 	/usr/lib/libSystem.B.dylib
0x000000019264b000 	/usr/lib/system/libcache.dylib
0x0000000192609000 	/usr/lib/system/libcommonCrypto.dylib
0x0000000192632000 	/usr/lib/system/libcompiler_rt.dylib
0x0000000192629000 	/usr/lib/system/libcopyfile.dylib
0x0000000187877000 	/usr/lib/system/libcorecrypto.dylib
0x000000018792c000 	/usr/lib/system/libdispatch.dylib
0x0000000187afa000 	/usr/lib/system/libdyld.dylib
0x0000000192641000 	/usr/lib/system/libkeymgr.dylib
0x00000001925e4000 	/usr/lib/system/libmacho.dylib
0x0000000191cd4000 	/usr/lib/system/libquarantine.dylib
0x000000019263e000 	/usr/lib/system/libremovefile.dylib
0x000000018cc70000 	/usr/lib/system/libsystem_asl.dylib
0x0000000187819000 	/usr/lib/system/libsystem_blocks.dylib
0x00000001879b4000 	/usr/lib/system/libsystem_c.dylib
0x0000000192636000 	/usr/lib/system/libsystem_collections.dylib
0x0000000191169000 	/usr/lib/system/libsystem_configuration.dylib
0x00000001903c5000 	/usr/lib/system/libsystem_containermanager.dylib
0x0000000192341000 	/usr/lib/system/libsystem_coreservices.dylib
0x000000018a22a000 	/usr/lib/system/libsystem_darwin.dylib
0x0000000192642000 	/usr/lib/system/libsystem_dnssd.dylib
0x00000001879b1000 	/usr/lib/system/libsystem_featureflags.dylib
0x0000000187b0f000 	/usr/lib/system/libsystem_info.dylib
0x00000001925ac000 	/usr/lib/system/libsystem_m.dylib
0x0000000187901000 	/usr/lib/system/libsystem_malloc.dylib
0x000000018cbfe000 	/usr/lib/system/libsystem_networkextension.dylib
0x000000018a683000 	/usr/lib/system/libsystem_notify.dylib
0x00000001989a4000 	/usr/lib/system/libsystem_product_info_filter.dylib
0x000000019116e000 	/usr/lib/system/libsystem_sandbox.dylib
0x000000019263b000 	/usr/lib/system/libsystem_secinit.dylib
0x0000000187ab5000 	/usr/lib/system/libsystem_kernel.dylib
0x0000000187b07000 	/usr/lib/system/libsystem_platform.dylib
0x0000000187aed000 	/usr/lib/system/libsystem_pthread.dylib
0x000000018e3d0000 	/usr/lib/system/libsystem_symptoms.dylib
0x000000018785d000 	/usr/lib/system/libsystem_trace.dylib
0x0000000192616000 	/usr/lib/system/libunwind.dylib
0x000000018781b000 	/usr/lib/system/libxpc.dylib
0x0000000187a9d000 	/usr/lib/libc++abi.dylib
0x0000000187973000 	/usr/lib/libobjc.A.dylib
0x0000000192621000 	/usr/lib/liboah.dylib
0x0000000187a36000 	/usr/lib/libc++.1.dylib
0x000000019e4ca000 	/System/Library/Frameworks/Cocoa.framework/Versions/A/Cocoa
0x000000018a6e4000 	/System/Library/Frameworks/AppKit.framework/Versions/C/AppKit
0x000000018dbf7000 	/System/Library/Frameworks/CoreData.framework/Versions/A/CoreData
0x0000000188a3f000 	/System/Library/Frameworks/Foundation.framework/Versions/C/Foundation
0x000000018b59c000 	/System/Library/PrivateFrameworks/UIFoundation.framework/Versions/A/UIFoundation
0x000000019869e000 	/System/Library/PrivateFrameworks/RemoteViewServices.framework/Versions/A/RemoteViewServices
0x0000000190b11000 	/System/Library/PrivateFrameworks/XCTTargetBootstrap.framework/Versions/A/XCTTargetBootstrap
0x0000000194391000 	/System/Library/PrivateFrameworks/InternationalSupport.framework/Versions/A/InternationalSupport
0x000000019441a000 	/System/Library/PrivateFrameworks/UserActivity.framework/Versions/A/UserActivity
0x0000000193888000 	/usr/lib/libspindump.dylib
0x000000018b80d000 	/System/Library/Frameworks/UniformTypeIdentifiers.framework/Versions/A/UniformTypeIdentifiers
0x000000018f05b000 	/usr/lib/libapp_launch_measurement.dylib
0x000000018e582000 	/System/Library/PrivateFrameworks/CoreAnalytics.framework/Versions/A/CoreAnalytics
0x000000018f05e000 	/System/Library/PrivateFrameworks/CoreAutoLayout.framework/Versions/A/CoreAutoLayout
0x0000000190402000 	/System/Library/Frameworks/Metal.framework/Versions/A/Metal
0x0000000191179000 	/usr/lib/liblangid.dylib
0x0000000190b16000 	/System/Library/PrivateFrameworks/CoreSVG.framework/Versions/A/CoreSVG
0x000000018cca4000 	/System/Library/PrivateFrameworks/SkyLight.framework/Versions/A/SkyLight
0x000000018d07d000 	/System/Library/Frameworks/CoreGraphics.framework/Versions/A/CoreGraphics
0x0000000198d6a000 	/System/Library/Frameworks/Accelerate.framework/Versions/A/Accelerate
0x00000001932ff000 	/System/Library/PrivateFrameworks/IconServices.framework/Versions/A/IconServices
0x00000001903e4000 	/System/Library/Frameworks/IOSurface.framework/Versions/A/IOSurface
0x000000018e5b3000 	/usr/lib/libDiagnosticMessagesClient.dylib
0x000000019c26b000 	/System/Library/Frameworks/ApplicationServices.framework/Versions/A/ApplicationServices
0x0000000190af9000 	/System/Library/PrivateFrameworks/DFRFoundation.framework/Versions/A/DFRFoundation
0x0000000189f74000 	/usr/lib/libicucore.A.dylib
0x000000019523e000 	/System/Library/Frameworks/AudioToolbox.framework/Versions/A/AudioToolbox
0x000000019439d000 	/System/Library/PrivateFrameworks/DataDetectorsCore.framework/Versions/A/DataDetectorsCore
0x00000001aad97000 	/System/Library/PrivateFrameworks/TextInput.framework/Versions/A/TextInput
0x000000018cc19000 	/usr/lib/libMobileGestalt.dylib
0x00000001907c5000 	/System/Library/Frameworks/Carbon.framework/Versions/A/Frameworks/HIToolbox.framework/Versions/A/HIToolbox
0x000000018ea33000 	/System/Library/Frameworks/QuartzCore.framework/Versions/A/QuartzCore
0x0000000189bf5000 	/System/Library/Frameworks/Security.framework/Versions/A/Security
0x00000001986de000 	/System/Library/Frameworks/Carbon.framework/Versions/A/Frameworks/SpeechRecognition.framework/Versions/A/SpeechRecognition
0x000000018edb1000 	/System/Library/PrivateFrameworks/CoreUI.framework/Versions/A/CoreUI
0x00000001894d1000 	/System/Library/Frameworks/CoreAudio.framework/Versions/A/CoreAudio
0x000000018e6a7000 	/System/Library/Frameworks/DiskArbitration.framework/Versions/A/DiskArbitration
0x0000000193c92000 	/System/Library/PrivateFrameworks/MultitouchSupport.framework/Versions/A/MultitouchSupport
0x000000018cc17000 	/usr/lib/libenergytrace.dylib
0x000000018a5ac000 	/System/Library/Frameworks/IOKit.framework/Versions/A/IOKit
0x0000000198acd000 	/System/Library/Frameworks/CoreServices.framework/Versions/A/CoreServices
0x000000018efeb000 	/System/Library/PrivateFrameworks/PerformanceAnalysis.framework/Versions/A/PerformanceAnalysis
0x00000001e91cf000 	/System/Library/Frameworks/OpenGL.framework/Versions/A/OpenGL
0x0000000191bec000 	/System/Library/PrivateFrameworks/MobileKeyBag.framework/Versions/A/MobileKeyBag
0x000000018d68b000 	/System/Library/Frameworks/ColorSync.framework/Versions/A/ColorSync
0x0000000187b3c000 	/System/Library/Frameworks/CoreFoundation.framework/Versions/A/CoreFoundation
0x0000000190d95000 	/System/Library/Frameworks/CoreImage.framework/Versions/A/CoreImage
0x00000001892f5000 	/System/Library/Frameworks/CoreText.framework/Versions/A/CoreText
0x0000000190b46000 	/System/Library/Frameworks/ImageIO.framework/Versions/A/ImageIO
0x0000000192657000 	/System/Library/PrivateFrameworks/SoftLinking.framework/Versions/A/SoftLinking
0x000000018f0a9000 	/usr/lib/libxml2.2.dylib
0x00000001928f0000 	/usr/lib/libcompression.dylib
0x00000001942ed000 	/System/Library/PrivateFrameworks/TextureIO.framework/Versions/A/TextureIO
0x0000000193018000 	/usr/lib/libate.dylib
0x0000000192edd000 	/usr/lib/liblzma.5.dylib
0x0000000188732000 	/System/Library/Frameworks/SystemConfiguration.framework/Versions/A/SystemConfiguration
0x0000000192653000 	/usr/lib/libfakelink.dylib
0x000000018c749000 	/System/Library/Frameworks/CFNetwork.framework/Versions/A/CFNetwork
0x0000000192799000 	/usr/lib/libarchive.2.dylib
0x0000000191175000 	/System/Library/PrivateFrameworks/AppleSystemInfo.framework/Versions/A/AppleSystemInfo
0x0000000191cff000 	/usr/lib/libbsm.0.dylib
0x000000018bcb6000 	/usr/lib/libnetwork.dylib
0x00000001925ed000 	/usr/lib/system/libkxld.dylib
0x0000000191919000 	/System/Library/PrivateFrameworks/IOMobileFramebuffer.framework/Versions/A/IOMobileFramebuffer
0x0000000206e98000 	/usr/lib/libCoreEntitlements.dylib
0x0000000192323000 	/System/Library/PrivateFrameworks/AppleFSCompression.framework/Versions/A/AppleFSCompression
0x0000000191ce7000 	/usr/lib/libcoretls.dylib
0x0000000192ef6000 	/usr/lib/libcoretls_cfhelpers.dylib
0x00000001928eb000 	/usr/lib/libpam.2.dylib
0x000000018dfe7000 	/usr/lib/libsqlite3.dylib
0x0000000192f5f000 	/usr/lib/libxar.1.dylib
0x0000000192334000 	/usr/lib/libbz2.1.0.dylib
0x0000000192658000 	/usr/lib/libpcap.A.dylib
0x000000018e3c7000 	/usr/lib/libdns_services.dylib
0x00000001928be000 	/usr/lib/libapple_nghttp2.dylib
0x0000000192695000 	/usr/lib/libiconv.2.dylib
0x00000001925e3000 	/usr/lib/libcharset.1.dylib
0x000000018f027000 	/System/Library/Frameworks/CoreServices.framework/Versions/A/Frameworks/FSEvents.framework/Versions/A/FSEvents
0x000000018a235000 	/System/Library/Frameworks/CoreServices.framework/Versions/A/Frameworks/CarbonCore.framework/Versions/A/CarbonCore
0x000000018e607000 	/System/Library/Frameworks/CoreServices.framework/Versions/A/Frameworks/Metadata.framework/Versions/A/Metadata
0x0000000192347000 	/System/Library/Frameworks/CoreServices.framework/Versions/A/Frameworks/OSServices.framework/Versions/A/OSServices
0x000000019281f000 	/System/Library/Frameworks/CoreServices.framework/Versions/A/Frameworks/SearchKit.framework/Versions/A/SearchKit
0x000000018e356000 	/System/Library/Frameworks/CoreServices.framework/Versions/A/Frameworks/AE.framework/Versions/A/AE
0x0000000188083000 	/System/Library/Frameworks/CoreServices.framework/Versions/A/Frameworks/LaunchServices.framework/Versions/A/LaunchServices
0x0000000192e86000 	/System/Library/Frameworks/CoreServices.framework/Versions/A/Frameworks/DictionaryServices.framework/Versions/A/DictionaryServices
0x000000018f034000 	/System/Library/Frameworks/CoreServices.framework/Versions/A/Frameworks/SharedFileList.framework/Versions/A/SharedFileList
0x0000000191cd7000 	/usr/lib/libCheckFix.dylib
0x000000018cc88000 	/System/Library/PrivateFrameworks/TCC.framework/Versions/A/TCC
0x000000019117b000 	/System/Library/PrivateFrameworks/CoreNLP.framework/Versions/A/CoreNLP
0x000000018e5b6000 	/System/Library/PrivateFrameworks/MetadataUtilities.framework/Versions/A/MetadataUtilities
0x00000001887ec000 	/usr/lib/libmecabra.dylib
0x0000000191d10000 	/usr/lib/libmecab.dylib
0x00000001887b8000 	/usr/lib/libCRFSuite.dylib
0x0000000191d6d000 	/usr/lib/libgermantok.dylib
0x0000000192897000 	/usr/lib/libThaiTokenizer.dylib
0x000000018e6af000 	/System/Library/Frameworks/Accelerate.framework/Versions/A/Frameworks/vImage.framework/Versions/A/vImage
0x0000000198aa4000 	/System/Library/Frameworks/Accelerate.framework/Versions/A/Frameworks/vecLib.framework/Versions/A/vecLib
0x0000000192fa4000 	/System/Library/Frameworks/Accelerate.framework/Versions/A/Frameworks/vecLib.framework/Versions/A/libvMisc.dylib
0x0000000191820000 	/System/Library/Frameworks/Accelerate.framework/Versions/A/Frameworks/vecLib.framework/Versions/A/libvDSP.dylib
0x000000018840d000 	/System/Library/Frameworks/Accelerate.framework/Versions/A/Frameworks/vecLib.framework/Versions/A/libBLAS.dylib
0x00000001929c1000 	/System/Library/Frameworks/Accelerate.framework/Versions/A/Frameworks/vecLib.framework/Versions/A/libLAPACK.dylib
0x0000000191d70000 	/System/Library/Frameworks/Accelerate.framework/Versions/A/Frameworks/vecLib.framework/Versions/A/libLinearAlgebra.dylib
0x00000001928d6000 	/System/Library/Frameworks/Accelerate.framework/Versions/A/Frameworks/vecLib.framework/Versions/A/libSparseBLAS.dylib
0x00000001929bc000 	/System/Library/Frameworks/Accelerate.framework/Versions/A/Frameworks/vecLib.framework/Versions/A/libQuadrature.dylib
0x0000000191274000 	/System/Library/Frameworks/Accelerate.framework/Versions/A/Frameworks/vecLib.framework/Versions/A/libBNNS.dylib
0x00000001886cb000 	/System/Library/Frameworks/Accelerate.framework/Versions/A/Frameworks/vecLib.framework/Versions/A/libSparse.dylib
0x000000019126c000 	/System/Library/PrivateFrameworks/LinguisticData.framework/Versions/A/LinguisticData
0x0000000188683000 	/System/Library/PrivateFrameworks/Lexicon.framework/Versions/A/Lexicon
0x0000000192f9c000 	/usr/lib/libChineseTokenizer.dylib
0x0000000188e31000 	/System/Library/PrivateFrameworks/LanguageModeling.framework/Versions/A/LanguageModeling
0x0000000192899000 	/System/Library/PrivateFrameworks/AppleSauce.framework/Versions/A/AppleSauce
0x0000000191906000 	/System/Library/PrivateFrameworks/CoreEmoji.framework/Versions/A/CoreEmoji
0x0000000192787000 	/usr/lib/libcmph.dylib
0x000000018f007000 	/System/Library/Frameworks/OpenDirectory.framework/Versions/A/Frameworks/CFOpenDirectory.framework/Versions/A/CFOpenDirectory
0x000000018eff7000 	/System/Library/Frameworks/OpenDirectory.framework/Versions/A/OpenDirectory
0x0000000192ef8000 	/System/Library/PrivateFrameworks/APFS.framework/Versions/A/APFS
0x0000000191c27000 	/System/Library/Frameworks/SecurityFoundation.framework/Versions/A/SecurityFoundation
0x0000000192f6e000 	/usr/lib/libutil.dylib
0x000000018a56e000 	/System/Library/PrivateFrameworks/CoreServicesStore.framework/Versions/A/CoreServicesStore
0x0000000192f72000 	/usr/lib/libxslt.1.dylib
0x0000000191cbb000 	/System/Library/PrivateFrameworks/BackgroundTaskManagement.framework/Versions/A/BackgroundTaskManagement
0x000000019420e000 	/System/Library/Frameworks/ImageIO.framework/Versions/A/Resources/libRadiance.dylib
0x0000000194217000 	/System/Library/Frameworks/ImageIO.framework/Versions/A/Resources/libJPEG.dylib
0x000000019416a000 	/System/Library/Frameworks/ImageIO.framework/Versions/A/Resources/libPng.dylib
0x000000019418c000 	/System/Library/Frameworks/ImageIO.framework/Versions/A/Resources/libTIFF.dylib
0x0000000194272000 	/System/Library/Frameworks/ImageIO.framework/Versions/A/Resources/libGIF.dylib
0x0000000193ba2000 	/System/Library/Frameworks/ImageIO.framework/Versions/A/Resources/libJP2.dylib
0x00000001932c4000 	/usr/lib/libexpat.1.dylib
0x0000000193b5d000 	/System/Library/PrivateFrameworks/AppleJPEG.framework/Versions/A/AppleJPEG
0x0000000190681000 	/System/Library/PrivateFrameworks/FontServices.framework/libFontParser.dylib
0x000000018e2fb000 	/System/Library/PrivateFrameworks/RunningBoardServices.framework/Versions/A/RunningBoardServices
0x000000019eba0000 	/System/Library/PrivateFrameworks/IOSurfaceAccelerator.framework/Versions/A/IOSurfaceAccelerator
0x0000000193c8e000 	/System/Library/PrivateFrameworks/WatchdogClient.framework/Versions/A/WatchdogClient
0x0000000188f31000 	/System/Library/Frameworks/CoreDisplay.framework/Versions/A/CoreDisplay
0x000000019056b000 	/System/Library/Frameworks/CoreMedia.framework/Versions/A/CoreMedia
0x00000001903f8000 	/System/Library/PrivateFrameworks/IOAccelerator.framework/Versions/A/IOAccelerator
0x000000018f197000 	/System/Library/Frameworks/CoreVideo.framework/Versions/A/CoreVideo
0x00000001928e9000 	/System/Library/Frameworks/MetalPerformanceShaders.framework/Versions/A/MetalPerformanceShaders
0x0000000193ccd000 	/System/Library/Frameworks/VideoToolbox.framework/Versions/A/VideoToolbox
0x000000018e23f000 	/System/Library/PrivateFrameworks/BaseBoard.framework/Versions/A/BaseBoard
0x000000018dfcd000 	/System/Library/PrivateFrameworks/ProtocolBuffer.framework/Versions/A/ProtocolBuffer
0x0000000194209000 	/System/Library/PrivateFrameworks/GPUWrangler.framework/Versions/A/GPUWrangler
0x00000001941e9000 	/System/Library/PrivateFrameworks/IOPresentment.framework/Versions/A/IOPresentment
0x0000000194211000 	/System/Library/PrivateFrameworks/DSExternalDisplay.framework/Versions/A/DSExternalDisplay
0x00000001e91c2000 	/System/Library/Frameworks/OpenGL.framework/Versions/A/Libraries/libCoreFSCache.dylib
0x00000001f3988000 	/System/Library/PrivateFrameworks/GPUCompiler.framework/Versions/31001/Libraries/libGPUCompilerUtils.dylib
0x0000000194277000 	/System/Library/PrivateFrameworks/CMCaptureCore.framework/Versions/A/CMCaptureCore
0x0000000193875000 	/System/Library/PrivateFrameworks/AppServerSupport.framework/Versions/A/AppServerSupport
0x0000000195afb000 	/System/Library/PrivateFrameworks/perfdata.framework/Versions/A/perfdata
0x0000000189051000 	/System/Library/PrivateFrameworks/AudioToolboxCore.framework/Versions/A/AudioToolboxCore
0x0000000190544000 	/System/Library/PrivateFrameworks/caulk.framework/Versions/A/caulk
0x00000001953f0000 	/usr/lib/libAudioStatistics.dylib
0x00000001a73ef000 	/System/Library/PrivateFrameworks/SystemPolicy.framework/Versions/A/SystemPolicy
0x000000019565c000 	/usr/lib/libSMC.dylib
0x000000019e3a8000 	/System/Library/Frameworks/CoreMIDI.framework/Versions/A/CoreMIDI
0x0000000194138000 	/usr/lib/libAudioToolboxUtility.dylib
0x00000001a355f000 	/System/Library/PrivateFrameworks/OSAServicesClient.framework/Versions/A/OSAServicesClient
0x0000000195b08000 	/usr/lib/libperfcheck.dylib
0x00000001a7f0b000 	/usr/lib/libmis.dylib
0x00000001e9224000 	/System/Library/Frameworks/OpenGL.framework/Versions/A/Libraries/libGLU.dylib
0x00000001e91e3000 	/System/Library/Frameworks/OpenGL.framework/Versions/A/Libraries/libGFXShared.dylib
0x00000001e93d0000 	/System/Library/Frameworks/OpenGL.framework/Versions/A/Libraries/libGL.dylib
0x00000001e91ec000 	/System/Library/Frameworks/OpenGL.framework/Versions/A/Libraries/libGLImage.dylib
0x00000001e91e0000 	/System/Library/Frameworks/OpenGL.framework/Versions/A/Libraries/libCVMSPluginSupport.dylib
0x00000001e91c9000 	/System/Library/Frameworks/OpenGL.framework/Versions/A/Libraries/libCoreVMClient.dylib
0x00000001910f5000 	/System/Library/Frameworks/MetalPerformanceShaders.framework/Versions/A/Frameworks/MPSCore.framework/Versions/A/MPSCore
0x0000000192296000 	/System/Library/Frameworks/MetalPerformanceShaders.framework/Versions/A/Frameworks/MPSImage.framework/Versions/A/MPSImage
0x0000000191d85000 	/System/Library/Frameworks/MetalPerformanceShaders.framework/Versions/A/Frameworks/MPSNeuralNetwork.framework/Versions/A/MPSNeuralNetwork
0x00000001921be000 	/System/Library/Frameworks/MetalPerformanceShaders.framework/Versions/A/Frameworks/MPSMatrix.framework/Versions/A/MPSMatrix
0x0000000191f97000 	/System/Library/Frameworks/MetalPerformanceShaders.framework/Versions/A/Frameworks/MPSRayIntersector.framework/Versions/A/MPSRayIntersector
0x00000001921ef000 	/System/Library/Frameworks/MetalPerformanceShaders.framework/Versions/A/Frameworks/MPSNDArray.framework/Versions/A/MPSNDArray
0x00000001eb5eb000 	/System/Library/Frameworks/MetalPerformanceShaders.framework/Versions/A/Frameworks/MPSFunctions.framework/Versions/A/MPSFunctions
0x00000001882e4000 	/System/Library/PrivateFrameworks/MetalTools.framework/Versions/A/MetalTools
0x0000000191173000 	/System/Library/PrivateFrameworks/AggregateDictionary.framework/Versions/A/AggregateDictionary
0x00000001930a9000 	/usr/lib/libIOReport.dylib
0x000000019d3c5000 	/System/Library/PrivateFrameworks/ASEProcessing.framework/Versions/A/ASEProcessing
0x000000019341e000 	/System/Library/PrivateFrameworks/FaceCore.framework/Versions/A/FaceCore
0x0000000193410000 	/System/Library/PrivateFrameworks/GraphVisualizer.framework/Versions/A/GraphVisualizer
0x00000001f389f000 	/System/Library/PrivateFrameworks/FontServices.framework/Versions/A/FontServices
0x0000000193831000 	/System/Library/PrivateFrameworks/OTSVG.framework/Versions/A/OTSVG
0x000000018ed61000 	/System/Library/Frameworks/ApplicationServices.framework/Versions/A/Frameworks/ATS.framework/Versions/A/Resources/libFontRegistry.dylib
0x000000019387e000 	/System/Library/PrivateFrameworks/FontServices.framework/libhvf.dylib
0x00000001f38a0000 	/System/Library/PrivateFrameworks/FontServices.framework/libXTFontStaticRegistryData.dylib
0x00000001e9571000 	/System/Library/Frameworks/OpenCL.framework/Versions/A/OpenCL
0x0000000193278000 	/System/Library/PrivateFrameworks/AppleVA.framework/Versions/A/AppleVA
0x0000000195418000 	/System/Library/Frameworks/ApplicationServices.framework/Versions/A/Frameworks/ATS.framework/Versions/A/ATS
0x000000018d78a000 	/System/Library/Frameworks/ApplicationServices.framework/Versions/A/Frameworks/HIServices.framework/Versions/A/HIServices
0x0000000194281000 	/System/Library/Frameworks/ApplicationServices.framework/Versions/A/Frameworks/PrintCore.framework/Versions/A/PrintCore
0x00000001957af000 	/System/Library/Frameworks/ApplicationServices.framework/Versions/A/Frameworks/QD.framework/Versions/A/QD
0x00000001957a7000 	/System/Library/Frameworks/ApplicationServices.framework/Versions/A/Frameworks/ColorSyncLegacy.framework/Versions/A/ColorSyncLegacy
0x0000000195404000 	/System/Library/Frameworks/ApplicationServices.framework/Versions/A/Frameworks/SpeechSynthesis.framework/Versions/A/SpeechSynthesis
0x0000000194242000 	/System/Library/Frameworks/ApplicationServices.framework/Versions/A/Frameworks/ATSUI.framework/Versions/A/ATSUI
0x000000019573c000 	/usr/lib/libcups.2.dylib
0x0000000195b16000 	/System/Library/Frameworks/Kerberos.framework/Versions/A/Kerberos
0x0000000195b27000 	/System/Library/Frameworks/GSS.framework/Versions/A/GSS
0x0000000195488000 	/usr/lib/libresolv.9.dylib
0x000000019388d000 	/System/Library/PrivateFrameworks/Heimdal.framework/Versions/A/Heimdal
0x000000019c5fb000 	/System/Library/Frameworks/Kerberos.framework/Versions/A/Libraries/libHeimdalProxy.dylib
0x000000018e3d9000 	/System/Library/Frameworks/Network.framework/Versions/A/Network
0x00000001932df000 	/usr/lib/libheimdal-asn1.dylib
0x0000000195b77000 	/System/Library/PrivateFrameworks/CommonAuth.framework/Versions/A/CommonAuth
0x000000019537e000 	/System/Library/PrivateFrameworks/AudioSession.framework/Versions/A/AudioSession
0x0000000193371000 	/System/Library/PrivateFrameworks/MediaExperience.framework/Versions/A/MediaExperience
0x0000000195204000 	/System/Library/PrivateFrameworks/AudioSession.framework/libSessionUtility.dylib
0x00000001957bb000 	/System/Library/PrivateFrameworks/AudioResourceArbitration.framework/Versions/A/AudioResourceArbitration
0x0000000199981000 	/System/Library/PrivateFrameworks/PowerLog.framework/Versions/A/PowerLog
0x00000001932e9000 	/System/Library/PrivateFrameworks/IconFoundation.framework/Versions/A/IconFoundation
0x00000001986ca000 	/System/Library/PrivateFrameworks/SpeechRecognitionCore.framework/Versions/A/SpeechRecognitionCore
0x0000000101e20000 	/Library/Java/JavaVirtualMachines/jdk-17.0.3.1.jdk/Contents/Home/lib/server/libjvm.dylib
0x0000000100dac000 	/Library/Java/JavaVirtualMachines/jdk-17.0.3.1.jdk/Contents/Home/lib/libjimage.dylib
0x0000000100dd8000 	/Library/Java/JavaVirtualMachines/jdk-17.0.3.1.jdk/Contents/Home/lib/libinstrument.dylib
0x0000000100e24000 	/Library/Java/JavaVirtualMachines/jdk-17.0.3.1.jdk/Contents/Home/lib/libjava.dylib
0x0000000100e58000 	/Library/Java/JavaVirtualMachines/jdk-17.0.3.1.jdk/Contents/Home/lib/libnio.dylib
0x00000001019ac000 	/Library/Java/JavaVirtualMachines/jdk-17.0.3.1.jdk/Contents/Home/lib/libnet.dylib
0x0000000100e0c000 	/Library/Java/JavaVirtualMachines/jdk-17.0.3.1.jdk/Contents/Home/lib/libzip.dylib
0x00000001019d0000 	/Users/tuanmai/.openjfx/cache/17.0.1/libprism_es2.dylib
0x000000018a531000 	/System/Library/PrivateFrameworks/CoreServicesInternal.framework/Versions/A/CoreServicesInternal
0x00000001e93da000 	/System/Library/Frameworks/OpenGL.framework/Versions/A/Resources/GLEngine.bundle/GLEngine
0x00000001e9262000 	/System/Library/Frameworks/OpenGL.framework/Versions/A/Libraries/libGLProgrammability.dylib
0x0000000115504000 	/System/Library/Extensions/AppleMetalOpenGLRenderer.bundle/Contents/MacOS/AppleMetalOpenGLRenderer
0x00000001e9549000 	/System/Library/Frameworks/OpenGL.framework/Versions/A/Resources/GLRendererFloat.bundle/GLRendererFloat
0x00000001ce49b000 	/System/Library/Extensions/AGXMetalG13X.bundle/Contents/MacOS/AGXMetalG13X
0x00000001a7f27000 	/System/Library/PrivateFrameworks/GPURawCounter.framework/Versions/A/GPURawCounter
0x00000001a26c8000 	/System/Library/PrivateFrameworks/IOGPU.framework/Versions/A/IOGPU
0x0000000115764000 	/Users/tuanmai/.openjfx/cache/17.0.1/libglass.dylib
0x0000000199bd9000 	/System/Library/Frameworks/FileProvider.framework/Versions/A/FileProvider
0x000000018e1a7000 	/System/Library/Frameworks/Accounts.framework/Versions/A/Accounts
0x0000000199d5d000 	/System/Library/PrivateFrameworks/GenerationalStorage.framework/Versions/A/GenerationalStorage
0x000000019a920000 	/System/Library/PrivateFrameworks/CoreSymbolication.framework/Versions/A/CoreSymbolication
0x0000000199975000 	/System/Library/PrivateFrameworks/SymptomDiagnosticReporter.framework/Versions/A/SymptomDiagnosticReporter
0x000000018b821000 	/System/Library/PrivateFrameworks/DesktopServicesPriv.framework/Versions/A/DesktopServicesPriv
0x000000018a693000 	/usr/lib/libsandbox.1.dylib
0x000000018f225000 	/System/Library/PrivateFrameworks/UserManagement.framework/Versions/A/UserManagement
0x000000019a8dd000 	/System/Library/PrivateFrameworks/DebugSymbols.framework/Versions/A/DebugSymbols
0x000000019579a000 	/System/Library/PrivateFrameworks/NetAuth.framework/Versions/A/NetAuth
0x00000001966bb000 	/System/Library/PrivateFrameworks/Sharing.framework/Versions/A/Sharing
0x000000018f1f5000 	/System/Library/PrivateFrameworks/login.framework/Versions/A/Frameworks/loginsupport.framework/Versions/A/loginsupport
0x000000019bb12000 	/System/Library/PrivateFrameworks/Apple80211.framework/Versions/A/Apple80211
0x000000019237a000 	/System/Library/PrivateFrameworks/AuthKit.framework/Versions/A/AuthKit
0x0000000191a02000 	/System/Library/PrivateFrameworks/CoreUtils.framework/Versions/A/CoreUtils
0x0000000191925000 	/System/Library/Frameworks/CoreWLAN.framework/Versions/A/CoreWLAN
0x000000019682b000 	/System/Library/Frameworks/IOBluetooth.framework/Versions/A/IOBluetooth
0x000000019bb72000 	/System/Library/PrivateFrameworks/CoreWiFi.framework/Versions/A/CoreWiFi
0x000000019a4bd000 	/System/Library/PrivateFrameworks/FrontBoardServices.framework/Versions/A/FrontBoardServices
0x000000019a555000 	/System/Library/PrivateFrameworks/BoardServices.framework/Versions/A/BoardServices
0x0000000191c15000 	/System/Library/PrivateFrameworks/AssertionServices.framework/Versions/A/AssertionServices
0x000000019bcef000 	/System/Library/PrivateFrameworks/BackBoardServices.framework/Versions/A/BackBoardServices
0x0000000195c0e000 	/System/Library/PrivateFrameworks/CorePhoneNumbers.framework/Versions/A/CorePhoneNumbers
0x00000001954b5000 	/System/Library/PrivateFrameworks/MultiverseSupport.framework/Versions/A/MultiverseSupport
0x000000019bf70000 	/System/Library/PrivateFrameworks/RemoteServiceDiscovery.framework/Versions/A/RemoteServiceDiscovery
0x0000000199aa5000 	/System/Library/PrivateFrameworks/DiskManagement.framework/Versions/A/DiskManagement
0x00000001999a8000 	/System/Library/PrivateFrameworks/AppleIDAuthSupport.framework/Versions/A/AppleIDAuthSupport
0x00000001ede27000 	/System/Library/PrivateFrameworks/AAAFoundation.framework/Versions/A/AAAFoundation
0x0000000195bed000 	/System/Library/PrivateFrameworks/KeychainCircle.framework/Versions/A/KeychainCircle
0x000000019bf80000 	/System/Library/PrivateFrameworks/RemoteXPC.framework/Versions/A/RemoteXPC
0x0000000199a71000 	/System/Library/PrivateFrameworks/MediaKit.framework/Versions/A/MediaKit
0x00000001999b5000 	/System/Library/Frameworks/DiscRecording.framework/Versions/A/DiscRecording
0x00000001931f4000 	/usr/lib/libCoreStorage.dylib
0x000000019bfec000 	/usr/lib/libcsfde.dylib
0x0000000196900000 	/System/Library/PrivateFrameworks/ProtectedCloudStorage.framework/Versions/A/ProtectedCloudStorage
0x000000019bfe4000 	/System/Library/PrivateFrameworks/EFILogin.framework/Versions/A/EFILogin
0x0000000199d84000 	/System/Library/PrivateFrameworks/OctagonTrust.framework/Versions/A/OctagonTrust
0x00000001f2a26000 	/System/Library/PrivateFrameworks/CoreUtilsExtras.framework/Versions/A/CoreUtilsExtras
0x00000001998da000 	/System/Library/Frameworks/CoreBluetooth.framework/Versions/A/CoreBluetooth
0x000000019c680000 	/System/Library/Frameworks/AudioUnit.framework/Versions/A/AudioUnit
0x00000001931ec000 	/usr/lib/libMatch.1.dylib
0x00000001ac40d000 	/System/Library/Frameworks/Accelerate.framework/Versions/A/Frameworks/vImage.framework/Versions/A/Libraries/libCGInterfaces.dylib
0x000000012123c000 	/usr/lib/libobjc-trampolines.dylib
0x000000018eeef000 	/System/Library/PrivateFrameworks/ViewBridge.framework/Versions/A/ViewBridge
0x00000001930b2000 	/System/Library/PrivateFrameworks/CrashReporterSupport.framework/Versions/A/CrashReporterSupport
0x00000001b3eb0000 	/System/Library/PrivateFrameworks/OSAnalytics.framework/Versions/A/OSAnalytics
0x00000001bf1fc000 	/System/Library/PrivateFrameworks/Symbolication.framework/Versions/A/Symbolication
0x00000001a7ee8000 	/System/Library/PrivateFrameworks/MallocStackLogging.framework/Versions/A/MallocStackLogging
0x00000001215e4000 	/Users/tuanmai/.openjfx/cache/17.0.1/libjavafx_font.dylib
0x0000000193950000 	/System/Library/PrivateFrameworks/login.framework/Versions/A/login
0x0000000206ff5000 	/usr/lib/libRosetta.dylib


VM Arguments:
jvm_args: -javaagent:/Applications/IntelliJ IDEA CE.app/Contents/lib/idea_rt.jar=63178:/Applications/IntelliJ IDEA CE.app/Contents/bin -Dfile.encoding=UTF-8 --module-path=/Users/tuanmai/.m2/repository/com/gluonhq/attach/storage/4.0.9/storage-4.0.9.jar:/Users/tuanmai/.m2/repository/com/gluonhq/attach/util/4.0.9/util-4.0.9.jar:/Users/tuanmai/.m2/repository/org/openjfx/javafx-graphics/17.0.1/javafx-graphics-17.0.1-mac-aarch64.jar:/Users/tuanmai/.m2/repository/com/github/almasb/fxgl-io/17/fxgl-io-17.jar:/Users/tuanmai/.m2/repository/com/dlsc/formsfx/formsfx-core/11.3.2/formsfx-core-11.3.2.jar:/Users/tuanmai/.m2/repository/com/gluonhq/attach/audio/4.0.9/audio-4.0.9.jar:/Users/tuanmai/.m2/repository/com/fasterxml/jackson/core/jackson-annotations/2.12.1/jackson-annotations-2.12.1.jar:/Users/tuanmai/.m2/repository/org/openjfx/javafx-base/17.0.1/javafx-base-17.0.1-mac-aarch64.jar:/Users/tuanmai/.m2/repository/com/fasterxml/jackson/core/jackson-databind/2.12.1/jackson-databind-2.12.1.jar:/Users/tuanmai/.m2/repository/org/openjfx/javafx-fxml/17.0.1/javafx-fxml-17.0.1-mac-aarch64.jar:/Users/tuanmai/IdeaProjects/JavaFX_2/target/classes:/Users/tuanmai/.m2/repository/org/jetbrains/kotlin/kotlin-stdlib/1.5.32/kotlin-stdlib-1.5.32-modular.jar:/Users/tuanmai/.m2/repository/com/github/almasb/fxgl-entity/17/fxgl-entity-17.jar:/Users/tuanmai/.m2/repository/org/kordamp/ikonli/ikonli-core/12.3.0/ikonli-core-12.3.0.jar:/Users/tuanmai/.m2/repository/eu/hansolo/tilesfx/11.48/tilesfx-11.48.jar:/Users/tuanmai/.m2/repository/org/controlsfx/controlsfx/11.1.1/controlsfx-11.1.1.jar:/Users/tuanmai/.m2/repository/org/openjfx/javafx-media/17.0.1/javafx-media-17.0.1-mac-aarch64.jar:/Users/tuanmai/.m2/repository/net/synedra/validatorfx/0.2.1/validatorfx-0.2.1.jar:/Users/tuanmai/.m2/repository/org/openjfx/javafx-web/17.0.1/javafx-web-17.0.1-mac-aarch64.jar:/Users/tuanmai/.m2/repository/com/github/almasb/fxgl-core/17/fxgl-core-17.jar:/Users/tuanmai/.m2/repository/com/github/almasb/fxgl-gameplay/17/fxgl-gameplay-17.jar:/Users/tuanmai/.m2/repository/com/github/almasb/fxgl-scene/17/fxgl-scene-17.jar:/Users/tuanmai/.m2/repository/com/fasterxml/jackson/core/jack-Djdk.module.main=com.example.javafx 
java_command: com.example.javafx/com.example.javafx.HelloApplication
java_class_path (initial): /Users/tuanmai/.m2/repository/org/openjfx/javafx-controls/17.0.1/javafx-controls-17.0.1.jar:/Users/tuanmai/.m2/repository/org/openjfx/javafx-graphics/17.0.1/javafx-graphics-17.0.1.jar:/Users/tuanmai/.m2/repository/org/openjfx/javafx-base/17.0.1/javafx-base-17.0.1.jar:/Users/tuanmai/.m2/repository/org/openjfx/javafx-fxml/17.0.1/javafx-fxml-17.0.1.jar:/Users/tuanmai/.m2/repository/org/openjfx/javafx-web/17.0.1/javafx-web-17.0.1.jar:/Users/tuanmai/.m2/repository/org/openjfx/javafx-media/17.0.1/javafx-media-17.0.1.jar:/Users/tuanmai/.m2/repository/org/jetbrains/annotations/13.0/annotations-13.0.jar:/Users/tuanmai/.m2/repository/org/jetbrains/kotlin/kotlin-stdlib-common/1.5.32/kotlin-stdlib-common-1.5.32.jar
Launcher Type: SUN_STANDARD

[Global flags]
     intx CICompilerCount                          = 4                                         {product} {ergonomic}
     uint ConcGCThreads                            = 2                                         {product} {ergonomic}
     uint G1ConcRefinementThreads                  = 8                                         {product} {ergonomic}
   size_t G1HeapRegionSize                         = 2097152                                   {product} {ergonomic}
    uintx GCDrainStackTargetSize                   = 64                                        {product} {ergonomic}
   size_t InitialHeapSize                          = 268435456                                 {product} {ergonomic}
   size_t MarkStackSize                            = 4194304                                   {product} {ergonomic}
   size_t MaxHeapSize                              = 4294967296                                {product} {ergonomic}
   size_t MaxNewSize                               = 2575302656                                {product} {ergonomic}
   size_t MinHeapDeltaBytes                        = 2097152                                   {product} {ergonomic}
   size_t MinHeapSize                              = 8388608                                   {product} {ergonomic}
    uintx NonNMethodCodeHeapSize                   = 5839564                                {pd product} {ergonomic}
    uintx NonProfiledCodeHeapSize                  = 122909338                              {pd product} {ergonomic}
    uintx ProfiledCodeHeapSize                     = 122909338                              {pd product} {ergonomic}
    uintx ReservedCodeCacheSize                    = 251658240                              {pd product} {ergonomic}
     bool SegmentedCodeCache                       = true                                      {product} {ergonomic}
   size_t SoftMaxHeapSize                          = 4294967296                             {manageable} {ergonomic}
     bool UseCompressedClassPointers               = true                           {product lp64_product} {ergonomic}
     bool UseCompressedOops                        = true                           {product lp64_product} {ergonomic}
     bool UseG1GC                                  = true                                      {product} {ergonomic}
     bool UseNUMA                                  = false                                     {product} {ergonomic}
     bool UseNUMAInterleaving                      = false                                     {product} {ergonomic}

Logging:
Log output configuration:
 #0: stdout all=warning uptime,level,tags
 #1: stderr all=off uptime,level,tags

Environment Variables:
PATH=/usr/local/bin:/usr/bin:/bin:/usr/sbin:/sbin
SHELL=/bin/zsh
LC_CTYPE=en_US.UTF-8

Signal Handlers:
   SIGSEGV: _ZL13crash_handleriP9__siginfoPv in libjvm.dylib, mask=11100110000111110111111111111111, flags=SA_RESTART|SA_SIGINFO
    SIGBUS: _ZL13crash_handleriP9__siginfoPv in libjvm.dylib, mask=11100110000111110111111111111111, flags=SA_RESTART|SA_SIGINFO
    SIGFPE: _ZL13crash_handleriP9__siginfoPv in libjvm.dylib, mask=11100110000111110111111111111111, flags=SA_RESTART|SA_SIGINFO
   SIGPIPE: _ZL17javaSignalHandleriP9__siginfoPv in libjvm.dylib, mask=11100110000111110111111111111111, flags=SA_RESTART|SA_SIGINFO
   SIGXFSZ: _ZL17javaSignalHandleriP9__siginfoPv in libjvm.dylib, mask=11100110000111110111111111111111, flags=SA_RESTART|SA_SIGINFO
    SIGILL: _ZL13crash_handleriP9__siginfoPv in libjvm.dylib, mask=11100110000111110111111111111111, flags=SA_RESTART|SA_SIGINFO
   SIGUSR2: _ZL10SR_handleriP9__siginfoP17__darwin_ucontext in libjvm.dylib, mask=00100000000000000000000000000000, flags=SA_RESTART|SA_SIGINFO
    SIGHUP: _ZL11UserHandleriPvS_ in libjvm.dylib, mask=11100110000111110111111111111111, flags=SA_RESTART|SA_SIGINFO
    SIGINT: _ZL11UserHandleriPvS_ in libjvm.dylib, mask=11100110000111110111111111111111, flags=SA_RESTART|SA_SIGINFO
   SIGTERM: _ZL11UserHandleriPvS_ in libjvm.dylib, mask=11100110000111110111111111111111, flags=SA_RESTART|SA_SIGINFO
   SIGQUIT: _ZL11UserHandleriPvS_ in libjvm.dylib, mask=11100110000111110111111111111111, flags=SA_RESTART|SA_SIGINFO
   SIGTRAP: _ZL13crash_handleriP9__siginfoPv in libjvm.dylib, mask=11100110000111110111111111111111, flags=SA_RESTART|SA_SIGINFO


---------------  S Y S T E M  ---------------

OS:
uname: Darwin 21.5.0 Darwin Kernel Version 21.5.0: Tue Apr 26 21:08:37 PDT 2022; root:xnu-8020.121.3~4/RELEASE_ARM64_T6000 arm64
OS uptime: 9 days 3:14 hours
rlimit (soft/hard): STACK 8176k/65520k , CORE 0k/infinity , NPROC 2666/4000 , NOFILE 10240/infinity , AS infinity/infinity , CPU infinity/infinity , DATA infinity/infinity , FSIZE infinity/infinity , MEMLOCK infinity/infinity , RSS infinity/infinity
load average: 1.69 1.69 1.79

CPU: total 8 (initial active 8) 0x61:0x0:0x1b588bb3:0, fp, simd, crc, lse

Memory: 16k page, physical 16777216k(135600k free), swap 1048576k(1013248k free)

vm_info: Java HotSpot(TM) 64-Bit Server VM (17.0.3.1+2-LTS-6) for bsd-aarch64 JRE (17.0.3.1+2-LTS-6), built on Apr 25 2022 20:48:14 by "mach5one" with clang Apple LLVM 12.0.0 (clang-1200.0.32.29)

END.
